CRITICAL - 2023-09-19 22:15:04 --> The framework needs the following extension(s) installed and loaded: intl.
in SYSTEMPATH\CodeIgniter.php on line 246.
 1 SYSTEMPATH\CodeIgniter.php(246): CodeIgniter\Exceptions\FrameworkException::forMissingExtension('intl')
 2 SYSTEMPATH\CodeIgniter.php(210): CodeIgniter\CodeIgniter->resolvePlatformExtensions()
 3 FCPATH\index.php(67): CodeIgniter\CodeIgniter->initialize()
CRITICAL - 2023-09-19 22:15:04 --> Uncaught CodeIgniter\Exceptions\ConfigException: Config\App::$baseURL is invalid. in C:\xampp\htdocs\pwa\project_ci\system\HTTP\SiteURI.php:197
Stack trace:
#0 C:\xampp\htdocs\pwa\project_ci\system\HTTP\SiteURI.php(143): CodeIgniter\HTTP\SiteURI->normalizeBaseURL(Object(Config\App))
#1 C:\xampp\htdocs\pwa\project_ci\system\HTTP\SiteURI.php(98): CodeIgniter\HTTP\SiteURI->determineBaseURL(Object(Config\App), NULL, NULL)
#2 C:\xampp\htdocs\pwa\project_ci\system\HTTP\SiteURIFactory.php(222): CodeIgniter\HTTP\SiteURI->__construct(Object(Config\App), '/', NULL)
#3 C:\xampp\htdocs\pwa\project_ci\system\HTTP\SiteURIFactory.php(43): CodeIgniter\HTTP\SiteURIFactory->createURIFromRoutePath('/')
#4 C:\xampp\htdocs\pwa\project_ci\system\Config\Services.php(798): CodeIgniter\HTTP\SiteURIFactory->createFromGlobals()
#5 C:\xampp\htdocs\pwa\project_ci\system\Config\BaseService.php(258): CodeIgniter\Config\Services::uri(NULL, false)
#6 C:\xampp\htdocs\pwa\project_ci\system\Config\BaseService.php(199): CodeIgniter\Config\BaseService::__callStatic('uri', Array)
#7 C:\xampp\htdocs\pwa\project_ci\system\Config\Services.php(791): CodeIgniter\Config\BaseService::getSharedInstance('uri', NULL)
#8 C:\xampp\htdocs\pwa\project_ci\system\Config\BaseService.php(258): CodeIgniter\Config\Services::uri()
#9 C:\xampp\htdocs\pwa\project_ci\system\Config\Services.php(565): CodeIgniter\Config\BaseService::__callStatic('uri', Array)
#10 C:\xampp\htdocs\pwa\project_ci\system\Config\Services.php(523): CodeIgniter\Config\Services::incomingrequest(Object(Config\App), false)
#11 C:\xampp\htdocs\pwa\project_ci\system\Config\BaseService.php(258): CodeIgniter\Config\Services::request(NULL, false)
#12 C:\xampp\htdocs\pwa\project_ci\system\Config\BaseService.php(199): CodeIgniter\Config\BaseService::__callStatic('request', Array)
#13 C:\xampp\htdocs\pwa\project_ci\system\Config\Services.php(519): CodeIgniter\Config\BaseService::getSharedInstance('request', NULL)
#14 C:\xampp\htdocs\pwa\project_ci\system\Config\BaseService.php(258): CodeIgniter\Config\Services::request()
#15 C:\xampp\htdocs\pwa\project_ci\system\Debug\Exceptions.php(135): CodeIgniter\Config\BaseService::__callStatic('request', Array)
#16 [internal function]: CodeIgniter\Debug\Exceptions->exceptionHandler(Object(CodeIgniter\Exceptions\FrameworkException))
#17 {main}
  thrown
【Previous Exception】
CodeIgniter\Exceptions\FrameworkException
The framework needs the following extension(s) installed and loaded: intl.
#0 C:\xampp\htdocs\pwa\project_ci\system\CodeIgniter.php(246): CodeIgniter\Exceptions\FrameworkException::forMissingExtension('intl')
#1 C:\xampp\htdocs\pwa\project_ci\system\CodeIgniter.php(210): CodeIgniter\CodeIgniter->resolvePlatformExtensions()
#2 C:\xampp\htdocs\pwa\project_ci\public\index.php(67): CodeIgniter\CodeIgniter->initialize()
#3 {main}
in SYSTEMPATH\HTTP\SiteURI.php on line 197.
 1 [internal function]: CodeIgniter\Debug\Exceptions->shutdownHandler()
CRITICAL - 2023-09-19 22:15:12 --> The framework needs the following extension(s) installed and loaded: intl.
in SYSTEMPATH\CodeIgniter.php on line 246.
 1 SYSTEMPATH\CodeIgniter.php(246): CodeIgniter\Exceptions\FrameworkException::forMissingExtension('intl')
 2 SYSTEMPATH\CodeIgniter.php(210): CodeIgniter\CodeIgniter->resolvePlatformExtensions()
 3 FCPATH\index.php(67): CodeIgniter\CodeIgniter->initialize()
CRITICAL - 2023-09-19 22:15:12 --> Uncaught CodeIgniter\Exceptions\ConfigException: Config\App::$baseURL is invalid. in C:\xampp\htdocs\pwa\project_ci\system\HTTP\SiteURI.php:197
Stack trace:
#0 C:\xampp\htdocs\pwa\project_ci\system\HTTP\SiteURI.php(143): CodeIgniter\HTTP\SiteURI->normalizeBaseURL(Object(Config\App))
#1 C:\xampp\htdocs\pwa\project_ci\system\HTTP\SiteURI.php(98): CodeIgniter\HTTP\SiteURI->determineBaseURL(Object(Config\App), NULL, NULL)
#2 C:\xampp\htdocs\pwa\project_ci\system\HTTP\SiteURIFactory.php(222): CodeIgniter\HTTP\SiteURI->__construct(Object(Config\App), '/', NULL)
#3 C:\xampp\htdocs\pwa\project_ci\system\HTTP\SiteURIFactory.php(43): CodeIgniter\HTTP\SiteURIFactory->createURIFromRoutePath('/')
#4 C:\xampp\htdocs\pwa\project_ci\system\Config\Services.php(798): CodeIgniter\HTTP\SiteURIFactory->createFromGlobals()
#5 C:\xampp\htdocs\pwa\project_ci\system\Config\BaseService.php(258): CodeIgniter\Config\Services::uri(NULL, false)
#6 C:\xampp\htdocs\pwa\project_ci\system\Config\BaseService.php(199): CodeIgniter\Config\BaseService::__callStatic('uri', Array)
#7 C:\xampp\htdocs\pwa\project_ci\system\Config\Services.php(791): CodeIgniter\Config\BaseService::getSharedInstance('uri', NULL)
#8 C:\xampp\htdocs\pwa\project_ci\system\Config\BaseService.php(258): CodeIgniter\Config\Services::uri()
#9 C:\xampp\htdocs\pwa\project_ci\system\Config\Services.php(565): CodeIgniter\Config\BaseService::__callStatic('uri', Array)
#10 C:\xampp\htdocs\pwa\project_ci\system\Config\Services.php(523): CodeIgniter\Config\Services::incomingrequest(Object(Config\App), false)
#11 C:\xampp\htdocs\pwa\project_ci\system\Config\BaseService.php(258): CodeIgniter\Config\Services::request(NULL, false)
#12 C:\xampp\htdocs\pwa\project_ci\system\Config\BaseService.php(199): CodeIgniter\Config\BaseService::__callStatic('request', Array)
#13 C:\xampp\htdocs\pwa\project_ci\system\Config\Services.php(519): CodeIgniter\Config\BaseService::getSharedInstance('request', NULL)
#14 C:\xampp\htdocs\pwa\project_ci\system\Config\BaseService.php(258): CodeIgniter\Config\Services::request()
#15 C:\xampp\htdocs\pwa\project_ci\system\Debug\Exceptions.php(135): CodeIgniter\Config\BaseService::__callStatic('request', Array)
#16 [internal function]: CodeIgniter\Debug\Exceptions->exceptionHandler(Object(CodeIgniter\Exceptions\FrameworkException))
#17 {main}
  thrown
【Previous Exception】
CodeIgniter\Exceptions\FrameworkException
The framework needs the following extension(s) installed and loaded: intl.
#0 C:\xampp\htdocs\pwa\project_ci\system\CodeIgniter.php(246): CodeIgniter\Exceptions\FrameworkException::forMissingExtension('intl')
#1 C:\xampp\htdocs\pwa\project_ci\system\CodeIgniter.php(210): CodeIgniter\CodeIgniter->resolvePlatformExtensions()
#2 C:\xampp\htdocs\pwa\project_ci\public\index.php(67): CodeIgniter\CodeIgniter->initialize()
#3 {main}
in SYSTEMPATH\HTTP\SiteURI.php on line 197.
 1 [internal function]: CodeIgniter\Debug\Exceptions->shutdownHandler()
CRITICAL - 2023-09-19 22:16:16 --> The framework needs the following extension(s) installed and loaded: intl.
in SYSTEMPATH\CodeIgniter.php on line 246.
 1 SYSTEMPATH\CodeIgniter.php(246): CodeIgniter\Exceptions\FrameworkException::forMissingExtension('intl')
 2 SYSTEMPATH\CodeIgniter.php(210): CodeIgniter\CodeIgniter->resolvePlatformExtensions()
 3 FCPATH\index.php(67): CodeIgniter\CodeIgniter->initialize()
CRITICAL - 2023-09-19 22:16:16 --> Uncaught CodeIgniter\Exceptions\ConfigException: Config\App::$baseURL is invalid. in C:\xampp\htdocs\PWA\project_ci\system\HTTP\SiteURI.php:197
Stack trace:
#0 C:\xampp\htdocs\PWA\project_ci\system\HTTP\SiteURI.php(143): CodeIgniter\HTTP\SiteURI->normalizeBaseURL(Object(Config\App))
#1 C:\xampp\htdocs\PWA\project_ci\system\HTTP\SiteURI.php(98): CodeIgniter\HTTP\SiteURI->determineBaseURL(Object(Config\App), NULL, NULL)
#2 C:\xampp\htdocs\PWA\project_ci\system\HTTP\SiteURIFactory.php(222): CodeIgniter\HTTP\SiteURI->__construct(Object(Config\App), '/', NULL)
#3 C:\xampp\htdocs\PWA\project_ci\system\HTTP\SiteURIFactory.php(43): CodeIgniter\HTTP\SiteURIFactory->createURIFromRoutePath('/')
#4 C:\xampp\htdocs\PWA\project_ci\system\Config\Services.php(798): CodeIgniter\HTTP\SiteURIFactory->createFromGlobals()
#5 C:\xampp\htdocs\PWA\project_ci\system\Config\BaseService.php(258): CodeIgniter\Config\Services::uri(NULL, false)
#6 C:\xampp\htdocs\PWA\project_ci\system\Config\BaseService.php(199): CodeIgniter\Config\BaseService::__callStatic('uri', Array)
#7 C:\xampp\htdocs\PWA\project_ci\system\Config\Services.php(791): CodeIgniter\Config\BaseService::getSharedInstance('uri', NULL)
#8 C:\xampp\htdocs\PWA\project_ci\system\Config\BaseService.php(258): CodeIgniter\Config\Services::uri()
#9 C:\xampp\htdocs\PWA\project_ci\system\Config\Services.php(565): CodeIgniter\Config\BaseService::__callStatic('uri', Array)
#10 C:\xampp\htdocs\PWA\project_ci\system\Config\Services.php(523): CodeIgniter\Config\Services::incomingrequest(Object(Config\App), false)
#11 C:\xampp\htdocs\PWA\project_ci\system\Config\BaseService.php(258): CodeIgniter\Config\Services::request(NULL, false)
#12 C:\xampp\htdocs\PWA\project_ci\system\Config\BaseService.php(199): CodeIgniter\Config\BaseService::__callStatic('request', Array)
#13 C:\xampp\htdocs\PWA\project_ci\system\Config\Services.php(519): CodeIgniter\Config\BaseService::getSharedInstance('request', NULL)
#14 C:\xampp\htdocs\PWA\project_ci\system\Config\BaseService.php(258): CodeIgniter\Config\Services::request()
#15 C:\xampp\htdocs\PWA\project_ci\system\Debug\Exceptions.php(135): CodeIgniter\Config\BaseService::__callStatic('request', Array)
#16 [internal function]: CodeIgniter\Debug\Exceptions->exceptionHandler(Object(CodeIgniter\Exceptions\FrameworkException))
#17 {main}
  thrown
【Previous Exception】
CodeIgniter\Exceptions\FrameworkException
The framework needs the following extension(s) installed and loaded: intl.
#0 C:\xampp\htdocs\PWA\project_ci\system\CodeIgniter.php(246): CodeIgniter\Exceptions\FrameworkException::forMissingExtension('intl')
#1 C:\xampp\htdocs\PWA\project_ci\system\CodeIgniter.php(210): CodeIgniter\CodeIgniter->resolvePlatformExtensions()
#2 C:\xampp\htdocs\PWA\project_ci\public\index.php(67): CodeIgniter\CodeIgniter->initialize()
#3 {main}
in SYSTEMPATH\HTTP\SiteURI.php on line 197.
 1 [internal function]: CodeIgniter\Debug\Exceptions->shutdownHandler()
CRITICAL - 2023-09-19 22:17:25 --> The framework needs the following extension(s) installed and loaded: intl.
in SYSTEMPATH\CodeIgniter.php on line 246.
 1 SYSTEMPATH\CodeIgniter.php(246): CodeIgniter\Exceptions\FrameworkException::forMissingExtension('intl')
 2 SYSTEMPATH\CodeIgniter.php(210): CodeIgniter\CodeIgniter->resolvePlatformExtensions()
 3 FCPATH\index.php(67): CodeIgniter\CodeIgniter->initialize()
CRITICAL - 2023-09-19 22:17:26 --> The framework needs the following extension(s) installed and loaded: intl.
in SYSTEMPATH\CodeIgniter.php on line 246.
 1 SYSTEMPATH\CodeIgniter.php(246): CodeIgniter\Exceptions\FrameworkException::forMissingExtension('intl')
 2 SYSTEMPATH\CodeIgniter.php(210): CodeIgniter\CodeIgniter->resolvePlatformExtensions()
 3 FCPATH\index.php(67): CodeIgniter\CodeIgniter->initialize()
CRITICAL - 2023-09-19 22:18:36 --> The framework needs the following extension(s) installed and loaded: intl.
in SYSTEMPATH\CodeIgniter.php on line 246.
 1 SYSTEMPATH\CodeIgniter.php(246): CodeIgniter\Exceptions\FrameworkException::forMissingExtension('intl')
 2 SYSTEMPATH\CodeIgniter.php(210): CodeIgniter\CodeIgniter->resolvePlatformExtensions()
 3 FCPATH\index.php(67): CodeIgniter\CodeIgniter->initialize()
CRITICAL - 2023-09-19 22:20:38 --> The framework needs the following extension(s) installed and loaded: intl.
in SYSTEMPATH\CodeIgniter.php on line 246.
 1 SYSTEMPATH\CodeIgniter.php(246): CodeIgniter\Exceptions\FrameworkException::forMissingExtension('intl')
 2 SYSTEMPATH\CodeIgniter.php(210): CodeIgniter\CodeIgniter->resolvePlatformExtensions()
 3 FCPATH\index.php(67): CodeIgniter\CodeIgniter->initialize()
CRITICAL - 2023-09-19 22:26:23 --> The framework needs the following extension(s) installed and loaded: intl.
in SYSTEMPATH\CodeIgniter.php on line 246.
 1 SYSTEMPATH\CodeIgniter.php(246): CodeIgniter\Exceptions\FrameworkException::forMissingExtension('intl')
 2 SYSTEMPATH\CodeIgniter.php(210): CodeIgniter\CodeIgniter->resolvePlatformExtensions()
 3 FCPATH\index.php(67): CodeIgniter\CodeIgniter->initialize()
CRITICAL - 2023-09-19 22:26:25 --> The framework needs the following extension(s) installed and loaded: intl.
in SYSTEMPATH\CodeIgniter.php on line 246.
 1 SYSTEMPATH\CodeIgniter.php(246): CodeIgniter\Exceptions\FrameworkException::forMissingExtension('intl')
 2 SYSTEMPATH\CodeIgniter.php(210): CodeIgniter\CodeIgniter->resolvePlatformExtensions()
 3 FCPATH\index.php(67): CodeIgniter\CodeIgniter->initialize()
CRITICAL - 2023-09-19 22:26:27 --> The framework needs the following extension(s) installed and loaded: intl.
in SYSTEMPATH\CodeIgniter.php on line 246.
 1 SYSTEMPATH\CodeIgniter.php(246): CodeIgniter\Exceptions\FrameworkException::forMissingExtension('intl')
 2 SYSTEMPATH\CodeIgniter.php(210): CodeIgniter\CodeIgniter->resolvePlatformExtensions()
 3 FCPATH\index.php(67): CodeIgniter\CodeIgniter->initialize()
CRITICAL - 2023-09-19 22:33:43 --> The framework needs the following extension(s) installed and loaded: intl.
in SYSTEMPATH\CodeIgniter.php on line 246.
 1 SYSTEMPATH\CodeIgniter.php(246): CodeIgniter\Exceptions\FrameworkException::forMissingExtension('intl')
 2 SYSTEMPATH\CodeIgniter.php(210): CodeIgniter\CodeIgniter->resolvePlatformExtensions()
 3 FCPATH\index.php(67): CodeIgniter\CodeIgniter->initialize()
CRITICAL - 2023-09-19 22:34:44 --> The framework needs the following extension(s) installed and loaded: intl.
in SYSTEMPATH\CodeIgniter.php on line 246.
 1 SYSTEMPATH\CodeIgniter.php(246): CodeIgniter\Exceptions\FrameworkException::forMissingExtension('intl')
 2 SYSTEMPATH\CodeIgniter.php(210): CodeIgniter\CodeIgniter->resolvePlatformExtensions()
 3 FCPATH\index.php(67): CodeIgniter\CodeIgniter->initialize()
CRITICAL - 2023-09-19 22:47:19 --> The framework needs the following extension(s) installed and loaded: intl.
in SYSTEMPATH\CodeIgniter.php on line 246.
 1 SYSTEMPATH\CodeIgniter.php(246): CodeIgniter\Exceptions\FrameworkException::forMissingExtension('intl')
 2 SYSTEMPATH\CodeIgniter.php(210): CodeIgniter\CodeIgniter->resolvePlatformExtensions()
 3 FCPATH\index.php(67): CodeIgniter\CodeIgniter->initialize()
CRITICAL - 2023-09-19 21:04:29 --> Invalid file: "hola.php"
in SYSTEMPATH\Exceptions\FrameworkException.php on line 39.
 1 SYSTEMPATH\View\View.php(214): CodeIgniter\Exceptions\FrameworkException::forInvalidFile('hola.php')
 2 SYSTEMPATH\Common.php(1188): CodeIgniter\View\View->render('hola', [], true)
 3 APPPATH\Controllers\Home.php(9): view('hola')
 4 SYSTEMPATH\CodeIgniter.php(919): App\Controllers\Home->index()
 5 SYSTEMPATH\CodeIgniter.php(494): CodeIgniter\CodeIgniter->runController(Object(App\Controllers\Home))
 6 SYSTEMPATH\CodeIgniter.php(353): CodeIgniter\CodeIgniter->handleRequest(null, Object(Config\Cache), false)
 7 FCPATH\index.php(79): CodeIgniter\CodeIgniter->run()
ERROR - 2023-09-19 22:38:47 --> mysqli_sql_exception: You have an error in your SQL syntax; check the manual that corresponds to your MariaDB server version for the right syntax to use near 'producto, Precio base FROM productos' at line 1 in C:\xampp\htdocs\PWA\project_ci\system\Database\MySQLi\Connection.php:306
Stack trace:
#0 C:\xampp\htdocs\PWA\project_ci\system\Database\MySQLi\Connection.php(306): mysqli->query('SELECT Producto...', 0)
#1 C:\xampp\htdocs\PWA\project_ci\system\Database\BaseConnection.php(692): CodeIgniter\Database\MySQLi\Connection->execute('SELECT Producto...')
#2 C:\xampp\htdocs\PWA\project_ci\system\Database\BaseConnection.php(606): CodeIgniter\Database\BaseConnection->simpleQuery('SELECT Producto...')
#3 C:\xampp\htdocs\PWA\project_ci\app\Controllers\Productos.php(10): CodeIgniter\Database\BaseConnection->query('SELECT Producto...')
#4 C:\xampp\htdocs\PWA\project_ci\system\CodeIgniter.php(919): App\Controllers\Productos->index()
#5 C:\xampp\htdocs\PWA\project_ci\system\CodeIgniter.php(494): CodeIgniter\CodeIgniter->runController(Object(App\Controllers\Productos))
#6 C:\xampp\htdocs\PWA\project_ci\system\CodeIgniter.php(353): CodeIgniter\CodeIgniter->handleRequest(NULL, Object(Config\Cache), false)
#7 C:\xampp\htdocs\PWA\project_ci\public\index.php(79): CodeIgniter\CodeIgniter->run()
#8 {main}
CRITICAL - 2023-09-19 22:38:47 --> You have an error in your SQL syntax; check the manual that corresponds to your MariaDB server version for the right syntax to use near 'producto, Precio base FROM productos' at line 1
in SYSTEMPATH\Database\BaseConnection.php on line 646.
 1 APPPATH\Controllers\Productos.php(10): CodeIgniter\Database\BaseConnection->query('SELECT Producto, Tipo de producto, Precio base FROM productos')
 2 SYSTEMPATH\CodeIgniter.php(919): App\Controllers\Productos->index()
 3 SYSTEMPATH\CodeIgniter.php(494): CodeIgniter\CodeIgniter->runController(Object(App\Controllers\Productos))
 4 SYSTEMPATH\CodeIgniter.php(353): CodeIgniter\CodeIgniter->handleRequest(null, Object(Config\Cache), false)
 5 FCPATH\index.php(79): CodeIgniter\CodeIgniter->run()
ERROR - 2023-09-19 22:39:11 --> mysqli_sql_exception: You have an error in your SQL syntax; check the manual that corresponds to your MariaDB server version for the right syntax to use near 'producto, Precio base FROM productos' at line 1 in C:\xampp\htdocs\PWA\project_ci\system\Database\MySQLi\Connection.php:306
Stack trace:
#0 C:\xampp\htdocs\PWA\project_ci\system\Database\MySQLi\Connection.php(306): mysqli->query('SELECT Producto...', 0)
#1 C:\xampp\htdocs\PWA\project_ci\system\Database\BaseConnection.php(692): CodeIgniter\Database\MySQLi\Connection->execute('SELECT Producto...')
#2 C:\xampp\htdocs\PWA\project_ci\system\Database\BaseConnection.php(606): CodeIgniter\Database\BaseConnection->simpleQuery('SELECT Producto...')
#3 C:\xampp\htdocs\PWA\project_ci\app\Controllers\Productos.php(10): CodeIgniter\Database\BaseConnection->query('SELECT Producto...')
#4 C:\xampp\htdocs\PWA\project_ci\system\CodeIgniter.php(919): App\Controllers\Productos->index()
#5 C:\xampp\htdocs\PWA\project_ci\system\CodeIgniter.php(494): CodeIgniter\CodeIgniter->runController(Object(App\Controllers\Productos))
#6 C:\xampp\htdocs\PWA\project_ci\system\CodeIgniter.php(353): CodeIgniter\CodeIgniter->handleRequest(NULL, Object(Config\Cache), false)
#7 C:\xampp\htdocs\PWA\project_ci\public\index.php(79): CodeIgniter\CodeIgniter->run()
#8 {main}
CRITICAL - 2023-09-19 22:39:11 --> You have an error in your SQL syntax; check the manual that corresponds to your MariaDB server version for the right syntax to use near 'producto, Precio base FROM productos' at line 1
in SYSTEMPATH\Database\BaseConnection.php on line 646.
 1 APPPATH\Controllers\Productos.php(10): CodeIgniter\Database\BaseConnection->query('SELECT Producto, Tipo de producto, Precio base FROM productos')
 2 SYSTEMPATH\CodeIgniter.php(919): App\Controllers\Productos->index()
 3 SYSTEMPATH\CodeIgniter.php(494): CodeIgniter\CodeIgniter->runController(Object(App\Controllers\Productos))
 4 SYSTEMPATH\CodeIgniter.php(353): CodeIgniter\CodeIgniter->handleRequest(null, Object(Config\Cache), false)
 5 FCPATH\index.php(79): CodeIgniter\CodeIgniter->run()
ERROR - 2023-09-19 22:39:14 --> mysqli_sql_exception: You have an error in your SQL syntax; check the manual that corresponds to your MariaDB server version for the right syntax to use near 'producto, Precio base FROM productos' at line 1 in C:\xampp\htdocs\PWA\project_ci\system\Database\MySQLi\Connection.php:306
Stack trace:
#0 C:\xampp\htdocs\PWA\project_ci\system\Database\MySQLi\Connection.php(306): mysqli->query('SELECT Producto...', 0)
#1 C:\xampp\htdocs\PWA\project_ci\system\Database\BaseConnection.php(692): CodeIgniter\Database\MySQLi\Connection->execute('SELECT Producto...')
#2 C:\xampp\htdocs\PWA\project_ci\system\Database\BaseConnection.php(606): CodeIgniter\Database\BaseConnection->simpleQuery('SELECT Producto...')
#3 C:\xampp\htdocs\PWA\project_ci\app\Controllers\Productos.php(10): CodeIgniter\Database\BaseConnection->query('SELECT Producto...')
#4 C:\xampp\htdocs\PWA\project_ci\system\CodeIgniter.php(919): App\Controllers\Productos->index()
#5 C:\xampp\htdocs\PWA\project_ci\system\CodeIgniter.php(494): CodeIgniter\CodeIgniter->runController(Object(App\Controllers\Productos))
#6 C:\xampp\htdocs\PWA\project_ci\system\CodeIgniter.php(353): CodeIgniter\CodeIgniter->handleRequest(NULL, Object(Config\Cache), false)
#7 C:\xampp\htdocs\PWA\project_ci\public\index.php(79): CodeIgniter\CodeIgniter->run()
#8 {main}
CRITICAL - 2023-09-19 22:39:14 --> You have an error in your SQL syntax; check the manual that corresponds to your MariaDB server version for the right syntax to use near 'producto, Precio base FROM productos' at line 1
in SYSTEMPATH\Database\BaseConnection.php on line 646.
 1 APPPATH\Controllers\Productos.php(10): CodeIgniter\Database\BaseConnection->query('SELECT Producto, Tipo de producto, Precio base FROM productos')
 2 SYSTEMPATH\CodeIgniter.php(919): App\Controllers\Productos->index()
 3 SYSTEMPATH\CodeIgniter.php(494): CodeIgniter\CodeIgniter->runController(Object(App\Controllers\Productos))
 4 SYSTEMPATH\CodeIgniter.php(353): CodeIgniter\CodeIgniter->handleRequest(null, Object(Config\Cache), false)
 5 FCPATH\index.php(79): CodeIgniter\CodeIgniter->run()
ERROR - 2023-09-19 22:39:36 --> mysqli_sql_exception: You have an error in your SQL syntax; check the manual that corresponds to your MariaDB server version for the right syntax to use near 'producto, Precio base FROM productos' at line 1 in C:\xampp\htdocs\PWA\project_ci\system\Database\MySQLi\Connection.php:306
Stack trace:
#0 C:\xampp\htdocs\PWA\project_ci\system\Database\MySQLi\Connection.php(306): mysqli->query('SELECT Producto...', 0)
#1 C:\xampp\htdocs\PWA\project_ci\system\Database\BaseConnection.php(692): CodeIgniter\Database\MySQLi\Connection->execute('SELECT Producto...')
#2 C:\xampp\htdocs\PWA\project_ci\system\Database\BaseConnection.php(606): CodeIgniter\Database\BaseConnection->simpleQuery('SELECT Producto...')
#3 C:\xampp\htdocs\PWA\project_ci\app\Controllers\Productos.php(10): CodeIgniter\Database\BaseConnection->query('SELECT Producto...')
#4 C:\xampp\htdocs\PWA\project_ci\system\CodeIgniter.php(919): App\Controllers\Productos->index()
#5 C:\xampp\htdocs\PWA\project_ci\system\CodeIgniter.php(494): CodeIgniter\CodeIgniter->runController(Object(App\Controllers\Productos))
#6 C:\xampp\htdocs\PWA\project_ci\system\CodeIgniter.php(353): CodeIgniter\CodeIgniter->handleRequest(NULL, Object(Config\Cache), false)
#7 C:\xampp\htdocs\PWA\project_ci\public\index.php(79): CodeIgniter\CodeIgniter->run()
#8 {main}
CRITICAL - 2023-09-19 22:39:36 --> You have an error in your SQL syntax; check the manual that corresponds to your MariaDB server version for the right syntax to use near 'producto, Precio base FROM productos' at line 1
in SYSTEMPATH\Database\BaseConnection.php on line 646.
 1 APPPATH\Controllers\Productos.php(10): CodeIgniter\Database\BaseConnection->query('SELECT Producto, Tipo de producto, Precio base FROM productos')
 2 SYSTEMPATH\CodeIgniter.php(919): App\Controllers\Productos->index()
 3 SYSTEMPATH\CodeIgniter.php(494): CodeIgniter\CodeIgniter->runController(Object(App\Controllers\Productos))
 4 SYSTEMPATH\CodeIgniter.php(353): CodeIgniter\CodeIgniter->handleRequest(null, Object(Config\Cache), false)
 5 FCPATH\index.php(79): CodeIgniter\CodeIgniter->run()
ERROR - 2023-09-19 22:39:37 --> mysqli_sql_exception: You have an error in your SQL syntax; check the manual that corresponds to your MariaDB server version for the right syntax to use near 'producto, Precio base FROM productos' at line 1 in C:\xampp\htdocs\PWA\project_ci\system\Database\MySQLi\Connection.php:306
Stack trace:
#0 C:\xampp\htdocs\PWA\project_ci\system\Database\MySQLi\Connection.php(306): mysqli->query('SELECT Producto...', 0)
#1 C:\xampp\htdocs\PWA\project_ci\system\Database\BaseConnection.php(692): CodeIgniter\Database\MySQLi\Connection->execute('SELECT Producto...')
#2 C:\xampp\htdocs\PWA\project_ci\system\Database\BaseConnection.php(606): CodeIgniter\Database\BaseConnection->simpleQuery('SELECT Producto...')
#3 C:\xampp\htdocs\PWA\project_ci\app\Controllers\Productos.php(10): CodeIgniter\Database\BaseConnection->query('SELECT Producto...')
#4 C:\xampp\htdocs\PWA\project_ci\system\CodeIgniter.php(919): App\Controllers\Productos->index()
#5 C:\xampp\htdocs\PWA\project_ci\system\CodeIgniter.php(494): CodeIgniter\CodeIgniter->runController(Object(App\Controllers\Productos))
#6 C:\xampp\htdocs\PWA\project_ci\system\CodeIgniter.php(353): CodeIgniter\CodeIgniter->handleRequest(NULL, Object(Config\Cache), false)
#7 C:\xampp\htdocs\PWA\project_ci\public\index.php(79): CodeIgniter\CodeIgniter->run()
#8 {main}
CRITICAL - 2023-09-19 22:39:37 --> You have an error in your SQL syntax; check the manual that corresponds to your MariaDB server version for the right syntax to use near 'producto, Precio base FROM productos' at line 1
in SYSTEMPATH\Database\BaseConnection.php on line 646.
 1 APPPATH\Controllers\Productos.php(10): CodeIgniter\Database\BaseConnection->query('SELECT Producto, Tipo de producto, Precio base FROM productos')
 2 SYSTEMPATH\CodeIgniter.php(919): App\Controllers\Productos->index()
 3 SYSTEMPATH\CodeIgniter.php(494): CodeIgniter\CodeIgniter->runController(Object(App\Controllers\Productos))
 4 SYSTEMPATH\CodeIgniter.php(353): CodeIgniter\CodeIgniter->handleRequest(null, Object(Config\Cache), false)
 5 FCPATH\index.php(79): CodeIgniter\CodeIgniter->run()
ERROR - 2023-09-19 22:42:31 --> mysqli_sql_exception: You have an error in your SQL syntax; check the manual that corresponds to your MariaDB server version for the right syntax to use near 'producto, Precio base FROM productos' at line 1 in C:\xampp\htdocs\PWA\project_ci\system\Database\MySQLi\Connection.php:306
Stack trace:
#0 C:\xampp\htdocs\PWA\project_ci\system\Database\MySQLi\Connection.php(306): mysqli->query('SELECT Producto...', 0)
#1 C:\xampp\htdocs\PWA\project_ci\system\Database\BaseConnection.php(692): CodeIgniter\Database\MySQLi\Connection->execute('SELECT Producto...')
#2 C:\xampp\htdocs\PWA\project_ci\system\Database\BaseConnection.php(606): CodeIgniter\Database\BaseConnection->simpleQuery('SELECT Producto...')
#3 C:\xampp\htdocs\PWA\project_ci\app\Controllers\Productos.php(10): CodeIgniter\Database\BaseConnection->query('SELECT Producto...')
#4 C:\xampp\htdocs\PWA\project_ci\system\CodeIgniter.php(919): App\Controllers\Productos->index()
#5 C:\xampp\htdocs\PWA\project_ci\system\CodeIgniter.php(494): CodeIgniter\CodeIgniter->runController(Object(App\Controllers\Productos))
#6 C:\xampp\htdocs\PWA\project_ci\system\CodeIgniter.php(353): CodeIgniter\CodeIgniter->handleRequest(NULL, Object(Config\Cache), false)
#7 C:\xampp\htdocs\PWA\project_ci\public\index.php(79): CodeIgniter\CodeIgniter->run()
#8 {main}
CRITICAL - 2023-09-19 22:42:31 --> You have an error in your SQL syntax; check the manual that corresponds to your MariaDB server version for the right syntax to use near 'producto, Precio base FROM productos' at line 1
in SYSTEMPATH\Database\BaseConnection.php on line 646.
 1 APPPATH\Controllers\Productos.php(10): CodeIgniter\Database\BaseConnection->query('SELECT Producto, Tipo de producto, Precio base FROM productos')
 2 SYSTEMPATH\CodeIgniter.php(919): App\Controllers\Productos->index()
 3 SYSTEMPATH\CodeIgniter.php(494): CodeIgniter\CodeIgniter->runController(Object(App\Controllers\Productos))
 4 SYSTEMPATH\CodeIgniter.php(353): CodeIgniter\CodeIgniter->handleRequest(null, Object(Config\Cache), false)
 5 FCPATH\index.php(79): CodeIgniter\CodeIgniter->run()
ERROR - 2023-09-19 22:53:07 --> mysqli_sql_exception: You have an error in your SQL syntax; check the manual that corresponds to your MariaDB server version for the right syntax to use near 'producto, Precio base FROM productos' at line 1 in C:\xampp\htdocs\PWA\project_ci\system\Database\MySQLi\Connection.php:306
Stack trace:
#0 C:\xampp\htdocs\PWA\project_ci\system\Database\MySQLi\Connection.php(306): mysqli->query('SELECT Producto...', 0)
#1 C:\xampp\htdocs\PWA\project_ci\system\Database\BaseConnection.php(692): CodeIgniter\Database\MySQLi\Connection->execute('SELECT Producto...')
#2 C:\xampp\htdocs\PWA\project_ci\system\Database\BaseConnection.php(606): CodeIgniter\Database\BaseConnection->simpleQuery('SELECT Producto...')
#3 C:\xampp\htdocs\PWA\project_ci\app\Controllers\Productos.php(10): CodeIgniter\Database\BaseConnection->query('SELECT Producto...')
#4 C:\xampp\htdocs\PWA\project_ci\system\CodeIgniter.php(919): App\Controllers\Productos->index()
#5 C:\xampp\htdocs\PWA\project_ci\system\CodeIgniter.php(494): CodeIgniter\CodeIgniter->runController(Object(App\Controllers\Productos))
#6 C:\xampp\htdocs\PWA\project_ci\system\CodeIgniter.php(353): CodeIgniter\CodeIgniter->handleRequest(NULL, Object(Config\Cache), false)
#7 C:\xampp\htdocs\PWA\project_ci\public\index.php(79): CodeIgniter\CodeIgniter->run()
#8 {main}
CRITICAL - 2023-09-19 22:53:07 --> You have an error in your SQL syntax; check the manual that corresponds to your MariaDB server version for the right syntax to use near 'producto, Precio base FROM productos' at line 1
in SYSTEMPATH\Database\BaseConnection.php on line 646.
 1 APPPATH\Controllers\Productos.php(10): CodeIgniter\Database\BaseConnection->query('SELECT Producto, Tipo de producto, Precio base FROM productos')
 2 SYSTEMPATH\CodeIgniter.php(919): App\Controllers\Productos->index()
 3 SYSTEMPATH\CodeIgniter.php(494): CodeIgniter\CodeIgniter->runController(Object(App\Controllers\Productos))
 4 SYSTEMPATH\CodeIgniter.php(353): CodeIgniter\CodeIgniter->handleRequest(null, Object(Config\Cache), false)
 5 FCPATH\index.php(79): CodeIgniter\CodeIgniter->run()
CRITICAL - 2023-09-19 23:15:37 --> Undefined property: stdClass::$Tipo
in APPPATH\Views\productos.php on line 22.
 1 APPPATH\Views\productos.php(22): CodeIgniter\Debug\Exceptions->errorHandler(2, 'Undefined property: stdClass::$Tipo', 'C:\\xampp\\htdocs\\PWA\\project_ci\\app\\Views\\productos.php', 22)
 2 SYSTEMPATH\View\View.php(226): include('C:\\xampp\\htdocs\\PWA\\project_ci\\app\\Views\\productos.php')
 3 SYSTEMPATH\View\View.php(229): CodeIgniter\View\View->CodeIgniter\View\{closure}()
 4 SYSTEMPATH\Common.php(1188): CodeIgniter\View\View->render('productos', [], true)
 5 APPPATH\Controllers\Productos.php(13): view('productos', [...])
 6 SYSTEMPATH\CodeIgniter.php(919): App\Controllers\Productos->index()
 7 SYSTEMPATH\CodeIgniter.php(494): CodeIgniter\CodeIgniter->runController(Object(App\Controllers\Productos))
 8 SYSTEMPATH\CodeIgniter.php(353): CodeIgniter\CodeIgniter->handleRequest(null, Object(Config\Cache), false)
 9 FCPATH\index.php(79): CodeIgniter\CodeIgniter->run()
CRITICAL - 2023-09-19 23:16:04 --> Undefined property: stdClass::$Tipo
in APPPATH\Views\productos.php on line 22.
 1 APPPATH\Views\productos.php(22): CodeIgniter\Debug\Exceptions->errorHandler(2, 'Undefined property: stdClass::$Tipo', 'C:\\xampp\\htdocs\\PWA\\project_ci\\app\\Views\\productos.php', 22)
 2 SYSTEMPATH\View\View.php(226): include('C:\\xampp\\htdocs\\PWA\\project_ci\\app\\Views\\productos.php')
 3 SYSTEMPATH\View\View.php(229): CodeIgniter\View\View->CodeIgniter\View\{closure}()
 4 SYSTEMPATH\Common.php(1188): CodeIgniter\View\View->render('productos', [], true)
 5 APPPATH\Controllers\Productos.php(13): view('productos', [...])
 6 SYSTEMPATH\CodeIgniter.php(919): App\Controllers\Productos->index()
 7 SYSTEMPATH\CodeIgniter.php(494): CodeIgniter\CodeIgniter->runController(Object(App\Controllers\Productos))
 8 SYSTEMPATH\CodeIgniter.php(353): CodeIgniter\CodeIgniter->handleRequest(null, Object(Config\Cache), false)
 9 FCPATH\index.php(79): CodeIgniter\CodeIgniter->run()
