ERROR - 2023-09-21 00:37:59 --> Error connecting to the database: mysqli_sql_exception: Access denied for user 'root'@'localhost' (using password: YES) in C:\xampp\htdocs\PWA\project_ci\system\Database\MySQLi\Connection.php:184
Stack trace:
#0 C:\xampp\htdocs\PWA\project_ci\system\Database\MySQLi\Connection.php(184): mysqli->real_connect('localhost', 'root', Object(SensitiveParameterValue), 'id20648103_pwa', 3306, '', 0)
#1 C:\xampp\htdocs\PWA\project_ci\system\Database\BaseConnection.php(391): CodeIgniter\Database\MySQLi\Connection->connect(false)
#2 C:\xampp\htdocs\PWA\project_ci\system\Database\BaseConnection.php(574): CodeIgniter\Database\BaseConnection->initialize()
#3 C:\xampp\htdocs\PWA\project_ci\app\Controllers\Productos.php(10): CodeIgniter\Database\BaseConnection->query('SELECT Producto...')
#4 C:\xampp\htdocs\PWA\project_ci\system\CodeIgniter.php(919): App\Controllers\Productos->index()
#5 C:\xampp\htdocs\PWA\project_ci\system\CodeIgniter.php(494): CodeIgniter\CodeIgniter->runController(Object(App\Controllers\Productos))
#6 C:\xampp\htdocs\PWA\project_ci\system\CodeIgniter.php(353): CodeIgniter\CodeIgniter->handleRequest(NULL, Object(Config\Cache), false)
#7 C:\xampp\htdocs\PWA\project_ci\public\index.php(79): CodeIgniter\CodeIgniter->run()
#8 {main}

Next CodeIgniter\Database\Exceptions\DatabaseException: Access denied for user '****'@'localhost' (using password: YES) in C:\xampp\htdocs\PWA\project_ci\system\Database\MySQLi\Connection.php:229
Stack trace:
#0 C:\xampp\htdocs\PWA\project_ci\system\Database\BaseConnection.php(391): CodeIgniter\Database\MySQLi\Connection->connect(false)
#1 C:\xampp\htdocs\PWA\project_ci\system\Database\BaseConnection.php(574): CodeIgniter\Database\BaseConnection->initialize()
#2 C:\xampp\htdocs\PWA\project_ci\app\Controllers\Productos.php(10): CodeIgniter\Database\BaseConnection->query('SELECT Producto...')
#3 C:\xampp\htdocs\PWA\project_ci\system\CodeIgniter.php(919): App\Controllers\Productos->index()
#4 C:\xampp\htdocs\PWA\project_ci\system\CodeIgniter.php(494): CodeIgniter\CodeIgniter->runController(Object(App\Controllers\Productos))
#5 C:\xampp\htdocs\PWA\project_ci\system\CodeIgniter.php(353): CodeIgniter\CodeIgniter->handleRequest(NULL, Object(Config\Cache), false)
#6 C:\xampp\htdocs\PWA\project_ci\public\index.php(79): CodeIgniter\CodeIgniter->run()
#7 {main}
CRITICAL - 2023-09-21 00:37:59 --> Unable to connect to the database.
Main connection [MySQLi]: Access denied for user '****'@'localhost' (using password: YES)
in SYSTEMPATH\Database\BaseConnection.php on line 427.
 1 SYSTEMPATH\Database\BaseConnection.php(574): CodeIgniter\Database\BaseConnection->initialize()
 2 APPPATH\Controllers\Productos.php(10): CodeIgniter\Database\BaseConnection->query('SELECT Producto, Tipo_de_producto, Precio_base FROM productos')
 3 SYSTEMPATH\CodeIgniter.php(919): App\Controllers\Productos->index()
 4 SYSTEMPATH\CodeIgniter.php(494): CodeIgniter\CodeIgniter->runController(Object(App\Controllers\Productos))
 5 SYSTEMPATH\CodeIgniter.php(353): CodeIgniter\CodeIgniter->handleRequest(null, Object(Config\Cache), false)
 6 FCPATH\index.php(79): CodeIgniter\CodeIgniter->run()
ERROR - 2023-09-21 00:40:19 --> Error connecting to the database: mysqli_sql_exception: Access denied for user 'root'@'localhost' (using password: YES) in C:\xampp\htdocs\PWA\project_ci\system\Database\MySQLi\Connection.php:184
Stack trace:
#0 C:\xampp\htdocs\PWA\project_ci\system\Database\MySQLi\Connection.php(184): mysqli->real_connect('localhost', 'root', Object(SensitiveParameterValue), 'pwa', 3306, '', 0)
#1 C:\xampp\htdocs\PWA\project_ci\system\Database\BaseConnection.php(391): CodeIgniter\Database\MySQLi\Connection->connect(false)
#2 C:\xampp\htdocs\PWA\project_ci\system\Database\BaseConnection.php(574): CodeIgniter\Database\BaseConnection->initialize()
#3 C:\xampp\htdocs\PWA\project_ci\app\Controllers\Productos.php(10): CodeIgniter\Database\BaseConnection->query('SELECT Producto...')
#4 C:\xampp\htdocs\PWA\project_ci\system\CodeIgniter.php(919): App\Controllers\Productos->index()
#5 C:\xampp\htdocs\PWA\project_ci\system\CodeIgniter.php(494): CodeIgniter\CodeIgniter->runController(Object(App\Controllers\Productos))
#6 C:\xampp\htdocs\PWA\project_ci\system\CodeIgniter.php(353): CodeIgniter\CodeIgniter->handleRequest(NULL, Object(Config\Cache), false)
#7 C:\xampp\htdocs\PWA\project_ci\public\index.php(79): CodeIgniter\CodeIgniter->run()
#8 {main}

Next CodeIgniter\Database\Exceptions\DatabaseException: Access denied for user '****'@'localhost' (using password: YES) in C:\xampp\htdocs\PWA\project_ci\system\Database\MySQLi\Connection.php:229
Stack trace:
#0 C:\xampp\htdocs\PWA\project_ci\system\Database\BaseConnection.php(391): CodeIgniter\Database\MySQLi\Connection->connect(false)
#1 C:\xampp\htdocs\PWA\project_ci\system\Database\BaseConnection.php(574): CodeIgniter\Database\BaseConnection->initialize()
#2 C:\xampp\htdocs\PWA\project_ci\app\Controllers\Productos.php(10): CodeIgniter\Database\BaseConnection->query('SELECT Producto...')
#3 C:\xampp\htdocs\PWA\project_ci\system\CodeIgniter.php(919): App\Controllers\Productos->index()
#4 C:\xampp\htdocs\PWA\project_ci\system\CodeIgniter.php(494): CodeIgniter\CodeIgniter->runController(Object(App\Controllers\Productos))
#5 C:\xampp\htdocs\PWA\project_ci\system\CodeIgniter.php(353): CodeIgniter\CodeIgniter->handleRequest(NULL, Object(Config\Cache), false)
#6 C:\xampp\htdocs\PWA\project_ci\public\index.php(79): CodeIgniter\CodeIgniter->run()
#7 {main}
CRITICAL - 2023-09-21 00:40:19 --> Unable to connect to the database.
Main connection [MySQLi]: Access denied for user '****'@'localhost' (using password: YES)
in SYSTEMPATH\Database\BaseConnection.php on line 427.
 1 SYSTEMPATH\Database\BaseConnection.php(574): CodeIgniter\Database\BaseConnection->initialize()
 2 APPPATH\Controllers\Productos.php(10): CodeIgniter\Database\BaseConnection->query('SELECT Producto, Tipo_de_producto, Precio_base FROM productos')
 3 SYSTEMPATH\CodeIgniter.php(919): App\Controllers\Productos->index()
 4 SYSTEMPATH\CodeIgniter.php(494): CodeIgniter\CodeIgniter->runController(Object(App\Controllers\Productos))
 5 SYSTEMPATH\CodeIgniter.php(353): CodeIgniter\CodeIgniter->handleRequest(null, Object(Config\Cache), false)
 6 FCPATH\index.php(79): CodeIgniter\CodeIgniter->run()
ERROR - 2023-09-21 01:11:46 --> Error connecting to the database: mysqli_sql_exception: Access denied for user 'id20648103_asiii'@'localhost' (using password: YES) in C:\xampp\htdocs\PWA\project_ci\system\Database\MySQLi\Connection.php:184
Stack trace:
#0 C:\xampp\htdocs\PWA\project_ci\system\Database\MySQLi\Connection.php(184): mysqli->real_connect('localhost', 'id20648103_asii...', Object(SensitiveParameterValue), 'id20648103_pwa', 3306, '', 0)
#1 C:\xampp\htdocs\PWA\project_ci\system\Database\BaseConnection.php(391): CodeIgniter\Database\MySQLi\Connection->connect(false)
#2 C:\xampp\htdocs\PWA\project_ci\system\Database\BaseConnection.php(574): CodeIgniter\Database\BaseConnection->initialize()
#3 C:\xampp\htdocs\PWA\project_ci\app\Controllers\Productos.php(10): CodeIgniter\Database\BaseConnection->query('SELECT Producto...')
#4 C:\xampp\htdocs\PWA\project_ci\system\CodeIgniter.php(919): App\Controllers\Productos->index()
#5 C:\xampp\htdocs\PWA\project_ci\system\CodeIgniter.php(494): CodeIgniter\CodeIgniter->runController(Object(App\Controllers\Productos))
#6 C:\xampp\htdocs\PWA\project_ci\system\CodeIgniter.php(353): CodeIgniter\CodeIgniter->handleRequest(NULL, Object(Config\Cache), false)
#7 C:\xampp\htdocs\PWA\project_ci\public\index.php(79): CodeIgniter\CodeIgniter->run()
#8 {main}

Next CodeIgniter\Database\Exceptions\DatabaseException: Access denied for user '****'@'localhost' (using password: YES) in C:\xampp\htdocs\PWA\project_ci\system\Database\MySQLi\Connection.php:229
Stack trace:
#0 C:\xampp\htdocs\PWA\project_ci\system\Database\BaseConnection.php(391): CodeIgniter\Database\MySQLi\Connection->connect(false)
#1 C:\xampp\htdocs\PWA\project_ci\system\Database\BaseConnection.php(574): CodeIgniter\Database\BaseConnection->initialize()
#2 C:\xampp\htdocs\PWA\project_ci\app\Controllers\Productos.php(10): CodeIgniter\Database\BaseConnection->query('SELECT Producto...')
#3 C:\xampp\htdocs\PWA\project_ci\system\CodeIgniter.php(919): App\Controllers\Productos->index()
#4 C:\xampp\htdocs\PWA\project_ci\system\CodeIgniter.php(494): CodeIgniter\CodeIgniter->runController(Object(App\Controllers\Productos))
#5 C:\xampp\htdocs\PWA\project_ci\system\CodeIgniter.php(353): CodeIgniter\CodeIgniter->handleRequest(NULL, Object(Config\Cache), false)
#6 C:\xampp\htdocs\PWA\project_ci\public\index.php(79): CodeIgniter\CodeIgniter->run()
#7 {main}
CRITICAL - 2023-09-21 01:11:46 --> Unable to connect to the database.
Main connection [MySQLi]: Access denied for user '****'@'localhost' (using password: YES)
in SYSTEMPATH\Database\BaseConnection.php on line 427.
 1 SYSTEMPATH\Database\BaseConnection.php(574): CodeIgniter\Database\BaseConnection->initialize()
 2 APPPATH\Controllers\Productos.php(10): CodeIgniter\Database\BaseConnection->query('SELECT Producto, Tipo_de_producto, Precio_base FROM productos')
 3 SYSTEMPATH\CodeIgniter.php(919): App\Controllers\Productos->index()
 4 SYSTEMPATH\CodeIgniter.php(494): CodeIgniter\CodeIgniter->runController(Object(App\Controllers\Productos))
 5 SYSTEMPATH\CodeIgniter.php(353): CodeIgniter\CodeIgniter->handleRequest(null, Object(Config\Cache), false)
 6 FCPATH\index.php(79): CodeIgniter\CodeIgniter->run()
ERROR - 2023-09-21 02:29:59 --> Error connecting to the database: mysqli_sql_exception: Access denied for user 'id20648103_asiii'@'localhost' (using password: YES) in C:\xampp\htdocs\PWA\project_ci\system\Database\MySQLi\Connection.php:184
Stack trace:
#0 C:\xampp\htdocs\PWA\project_ci\system\Database\MySQLi\Connection.php(184): mysqli->real_connect('localhost', 'id20648103_asii...', Object(SensitiveParameterValue), 'id20648103_pwa', 3306, '', 0)
#1 C:\xampp\htdocs\PWA\project_ci\system\Database\BaseConnection.php(391): CodeIgniter\Database\MySQLi\Connection->connect(false)
#2 C:\xampp\htdocs\PWA\project_ci\system\Database\BaseConnection.php(574): CodeIgniter\Database\BaseConnection->initialize()
#3 C:\xampp\htdocs\PWA\project_ci\app\Controllers\Productos.php(10): CodeIgniter\Database\BaseConnection->query('SELECT Producto...')
#4 C:\xampp\htdocs\PWA\project_ci\system\CodeIgniter.php(919): App\Controllers\Productos->index()
#5 C:\xampp\htdocs\PWA\project_ci\system\CodeIgniter.php(494): CodeIgniter\CodeIgniter->runController(Object(App\Controllers\Productos))
#6 C:\xampp\htdocs\PWA\project_ci\system\CodeIgniter.php(353): CodeIgniter\CodeIgniter->handleRequest(NULL, Object(Config\Cache), false)
#7 C:\xampp\htdocs\PWA\project_ci\public\index.php(79): CodeIgniter\CodeIgniter->run()
#8 {main}

Next CodeIgniter\Database\Exceptions\DatabaseException: Access denied for user '****'@'localhost' (using password: YES) in C:\xampp\htdocs\PWA\project_ci\system\Database\MySQLi\Connection.php:229
Stack trace:
#0 C:\xampp\htdocs\PWA\project_ci\system\Database\BaseConnection.php(391): CodeIgniter\Database\MySQLi\Connection->connect(false)
#1 C:\xampp\htdocs\PWA\project_ci\system\Database\BaseConnection.php(574): CodeIgniter\Database\BaseConnection->initialize()
#2 C:\xampp\htdocs\PWA\project_ci\app\Controllers\Productos.php(10): CodeIgniter\Database\BaseConnection->query('SELECT Producto...')
#3 C:\xampp\htdocs\PWA\project_ci\system\CodeIgniter.php(919): App\Controllers\Productos->index()
#4 C:\xampp\htdocs\PWA\project_ci\system\CodeIgniter.php(494): CodeIgniter\CodeIgniter->runController(Object(App\Controllers\Productos))
#5 C:\xampp\htdocs\PWA\project_ci\system\CodeIgniter.php(353): CodeIgniter\CodeIgniter->handleRequest(NULL, Object(Config\Cache), false)
#6 C:\xampp\htdocs\PWA\project_ci\public\index.php(79): CodeIgniter\CodeIgniter->run()
#7 {main}
CRITICAL - 2023-09-21 02:29:59 --> Unable to connect to the database.
Main connection [MySQLi]: Access denied for user '****'@'localhost' (using password: YES)
in SYSTEMPATH\Database\BaseConnection.php on line 427.
 1 SYSTEMPATH\Database\BaseConnection.php(574): CodeIgniter\Database\BaseConnection->initialize()
 2 APPPATH\Controllers\Productos.php(10): CodeIgniter\Database\BaseConnection->query('SELECT Producto, Tipo_de_producto, Precio_base FROM productos')
 3 SYSTEMPATH\CodeIgniter.php(919): App\Controllers\Productos->index()
 4 SYSTEMPATH\CodeIgniter.php(494): CodeIgniter\CodeIgniter->runController(Object(App\Controllers\Productos))
 5 SYSTEMPATH\CodeIgniter.php(353): CodeIgniter\CodeIgniter->handleRequest(null, Object(Config\Cache), false)
 6 FCPATH\index.php(79): CodeIgniter\CodeIgniter->run()
CRITICAL - 2023-09-21 14:13:24 --> Undefined property: stdClass::$Producto
in APPPATH\Views\productos.php on line 22.
 1 APPPATH\Views\productos.php(22): CodeIgniter\Debug\Exceptions->errorHandler(2, 'Undefined property: stdClass::$Producto', 'C:\\xampp\\htdocs\\PWA\\project_ci\\app\\Views\\productos.php', 22)
 2 SYSTEMPATH\View\View.php(226): include('C:\\xampp\\htdocs\\PWA\\project_ci\\app\\Views\\productos.php')
 3 SYSTEMPATH\View\View.php(229): CodeIgniter\View\View->CodeIgniter\View\{closure}()
 4 SYSTEMPATH\Common.php(1188): CodeIgniter\View\View->render('productos', [], true)
 5 APPPATH\Controllers\Productos.php(13): view('productos', [...])
 6 SYSTEMPATH\CodeIgniter.php(919): App\Controllers\Productos->index()
 7 SYSTEMPATH\CodeIgniter.php(494): CodeIgniter\CodeIgniter->runController(Object(App\Controllers\Productos))
 8 SYSTEMPATH\CodeIgniter.php(353): CodeIgniter\CodeIgniter->handleRequest(null, Object(Config\Cache), false)
 9 FCPATH\index.php(79): CodeIgniter\CodeIgniter->run()
CRITICAL - 2023-09-21 14:33:48 --> Cannot use object of type stdClass as array
in APPPATH\Views\productos.php on line 26.
 1 SYSTEMPATH\View\View.php(226): include()
 2 SYSTEMPATH\View\View.php(229): CodeIgniter\View\View->CodeIgniter\View\{closure}()
 3 SYSTEMPATH\Common.php(1188): CodeIgniter\View\View->render('productos', [], true)
 4 APPPATH\Controllers\Productos.php(13): view('productos', [...])
 5 SYSTEMPATH\CodeIgniter.php(919): App\Controllers\Productos->index()
 6 SYSTEMPATH\CodeIgniter.php(494): CodeIgniter\CodeIgniter->runController(Object(App\Controllers\Productos))
 7 SYSTEMPATH\CodeIgniter.php(353): CodeIgniter\CodeIgniter->handleRequest(null, Object(Config\Cache), false)
 8 FCPATH\index.php(79): CodeIgniter\CodeIgniter->run()
CRITICAL - 2023-09-21 14:33:51 --> Cannot use object of type stdClass as array
in APPPATH\Views\productos.php on line 26.
 1 SYSTEMPATH\View\View.php(226): include()
 2 SYSTEMPATH\View\View.php(229): CodeIgniter\View\View->CodeIgniter\View\{closure}()
 3 SYSTEMPATH\Common.php(1188): CodeIgniter\View\View->render('productos', [], true)
 4 APPPATH\Controllers\Productos.php(13): view('productos', [...])
 5 SYSTEMPATH\CodeIgniter.php(919): App\Controllers\Productos->index()
 6 SYSTEMPATH\CodeIgniter.php(494): CodeIgniter\CodeIgniter->runController(Object(App\Controllers\Productos))
 7 SYSTEMPATH\CodeIgniter.php(353): CodeIgniter\CodeIgniter->handleRequest(null, Object(Config\Cache), false)
 8 FCPATH\index.php(79): CodeIgniter\CodeIgniter->run()
CRITICAL - 2023-09-21 14:37:06 --> Cannot use object of type stdClass as array
in APPPATH\Views\productos.php on line 26.
 1 SYSTEMPATH\View\View.php(226): include()
 2 SYSTEMPATH\View\View.php(229): CodeIgniter\View\View->CodeIgniter\View\{closure}()
 3 SYSTEMPATH\Common.php(1188): CodeIgniter\View\View->render('productos', [], true)
 4 APPPATH\Controllers\Productos.php(13): view('productos', [...])
 5 SYSTEMPATH\CodeIgniter.php(919): App\Controllers\Productos->index()
 6 SYSTEMPATH\CodeIgniter.php(494): CodeIgniter\CodeIgniter->runController(Object(App\Controllers\Productos))
 7 SYSTEMPATH\CodeIgniter.php(353): CodeIgniter\CodeIgniter->handleRequest(null, Object(Config\Cache), false)
 8 FCPATH\index.php(79): CodeIgniter\CodeIgniter->run()
CRITICAL - 2023-09-21 14:37:09 --> Cannot use object of type stdClass as array
in APPPATH\Views\productos.php on line 26.
 1 SYSTEMPATH\View\View.php(226): include()
 2 SYSTEMPATH\View\View.php(229): CodeIgniter\View\View->CodeIgniter\View\{closure}()
 3 SYSTEMPATH\Common.php(1188): CodeIgniter\View\View->render('productos', [], true)
 4 APPPATH\Controllers\Productos.php(13): view('productos', [...])
 5 SYSTEMPATH\CodeIgniter.php(919): App\Controllers\Productos->index()
 6 SYSTEMPATH\CodeIgniter.php(494): CodeIgniter\CodeIgniter->runController(Object(App\Controllers\Productos))
 7 SYSTEMPATH\CodeIgniter.php(353): CodeIgniter\CodeIgniter->handleRequest(null, Object(Config\Cache), false)
 8 FCPATH\index.php(79): CodeIgniter\CodeIgniter->run()
CRITICAL - 2023-09-21 14:44:27 --> Cannot use object of type stdClass as array
in APPPATH\Views\productos.php on line 26.
 1 SYSTEMPATH\View\View.php(226): include()
 2 SYSTEMPATH\View\View.php(229): CodeIgniter\View\View->CodeIgniter\View\{closure}()
 3 SYSTEMPATH\Common.php(1188): CodeIgniter\View\View->render('productos', [], true)
 4 APPPATH\Controllers\Productos.php(13): view('productos', [...])
 5 SYSTEMPATH\CodeIgniter.php(919): App\Controllers\Productos->index()
 6 SYSTEMPATH\CodeIgniter.php(494): CodeIgniter\CodeIgniter->runController(Object(App\Controllers\Productos))
 7 SYSTEMPATH\CodeIgniter.php(353): CodeIgniter\CodeIgniter->handleRequest(null, Object(Config\Cache), false)
 8 FCPATH\index.php(79): CodeIgniter\CodeIgniter->run()
CRITICAL - 2023-09-21 14:44:31 --> Cannot use object of type stdClass as array
in APPPATH\Views\productos.php on line 26.
 1 SYSTEMPATH\View\View.php(226): include()
 2 SYSTEMPATH\View\View.php(229): CodeIgniter\View\View->CodeIgniter\View\{closure}()
 3 SYSTEMPATH\Common.php(1188): CodeIgniter\View\View->render('productos', [], true)
 4 APPPATH\Controllers\Productos.php(13): view('productos', [...])
 5 SYSTEMPATH\CodeIgniter.php(919): App\Controllers\Productos->index()
 6 SYSTEMPATH\CodeIgniter.php(494): CodeIgniter\CodeIgniter->runController(Object(App\Controllers\Productos))
 7 SYSTEMPATH\CodeIgniter.php(353): CodeIgniter\CodeIgniter->handleRequest(null, Object(Config\Cache), false)
 8 FCPATH\index.php(79): CodeIgniter\CodeIgniter->run()
CRITICAL - 2023-09-21 14:46:57 --> Cannot use object of type stdClass as array
in APPPATH\Views\productos.php on line 26.
 1 SYSTEMPATH\View\View.php(226): include()
 2 SYSTEMPATH\View\View.php(229): CodeIgniter\View\View->CodeIgniter\View\{closure}()
 3 SYSTEMPATH\Common.php(1188): CodeIgniter\View\View->render('productos', [], true)
 4 APPPATH\Controllers\Productos.php(13): view('productos', [...])
 5 SYSTEMPATH\CodeIgniter.php(919): App\Controllers\Productos->index()
 6 SYSTEMPATH\CodeIgniter.php(494): CodeIgniter\CodeIgniter->runController(Object(App\Controllers\Productos))
 7 SYSTEMPATH\CodeIgniter.php(353): CodeIgniter\CodeIgniter->handleRequest(null, Object(Config\Cache), false)
 8 FCPATH\index.php(79): CodeIgniter\CodeIgniter->run()
CRITICAL - 2023-09-21 14:46:59 --> Cannot use object of type stdClass as array
in APPPATH\Views\productos.php on line 26.
 1 SYSTEMPATH\View\View.php(226): include()
 2 SYSTEMPATH\View\View.php(229): CodeIgniter\View\View->CodeIgniter\View\{closure}()
 3 SYSTEMPATH\Common.php(1188): CodeIgniter\View\View->render('productos', [], true)
 4 APPPATH\Controllers\Productos.php(13): view('productos', [...])
 5 SYSTEMPATH\CodeIgniter.php(919): App\Controllers\Productos->index()
 6 SYSTEMPATH\CodeIgniter.php(494): CodeIgniter\CodeIgniter->runController(Object(App\Controllers\Productos))
 7 SYSTEMPATH\CodeIgniter.php(353): CodeIgniter\CodeIgniter->handleRequest(null, Object(Config\Cache), false)
 8 FCPATH\index.php(79): CodeIgniter\CodeIgniter->run()
CRITICAL - 2023-09-21 14:48:26 --> Cannot use object of type stdClass as array
in APPPATH\Views\productos.php on line 26.
 1 SYSTEMPATH\View\View.php(226): include()
 2 SYSTEMPATH\View\View.php(229): CodeIgniter\View\View->CodeIgniter\View\{closure}()
 3 SYSTEMPATH\Common.php(1188): CodeIgniter\View\View->render('productos', [], true)
 4 APPPATH\Controllers\Productos.php(13): view('productos', [...])
 5 SYSTEMPATH\CodeIgniter.php(919): App\Controllers\Productos->index()
 6 SYSTEMPATH\CodeIgniter.php(494): CodeIgniter\CodeIgniter->runController(Object(App\Controllers\Productos))
 7 SYSTEMPATH\CodeIgniter.php(353): CodeIgniter\CodeIgniter->handleRequest(null, Object(Config\Cache), false)
 8 FCPATH\index.php(79): CodeIgniter\CodeIgniter->run()
CRITICAL - 2023-09-21 14:50:07 --> Cannot use object of type stdClass as array
in APPPATH\Views\productos.php on line 26.
 1 SYSTEMPATH\View\View.php(226): include()
 2 SYSTEMPATH\View\View.php(229): CodeIgniter\View\View->CodeIgniter\View\{closure}()
 3 SYSTEMPATH\Common.php(1188): CodeIgniter\View\View->render('productos', [], true)
 4 APPPATH\Controllers\Productos.php(13): view('productos', [...])
 5 SYSTEMPATH\CodeIgniter.php(919): App\Controllers\Productos->index()
 6 SYSTEMPATH\CodeIgniter.php(494): CodeIgniter\CodeIgniter->runController(Object(App\Controllers\Productos))
 7 SYSTEMPATH\CodeIgniter.php(353): CodeIgniter\CodeIgniter->handleRequest(null, Object(Config\Cache), false)
 8 FCPATH\index.php(79): CodeIgniter\CodeIgniter->run()
CRITICAL - 2023-09-21 14:50:09 --> Cannot use object of type stdClass as array
in APPPATH\Views\productos.php on line 26.
 1 SYSTEMPATH\View\View.php(226): include()
 2 SYSTEMPATH\View\View.php(229): CodeIgniter\View\View->CodeIgniter\View\{closure}()
 3 SYSTEMPATH\Common.php(1188): CodeIgniter\View\View->render('productos', [], true)
 4 APPPATH\Controllers\Productos.php(13): view('productos', [...])
 5 SYSTEMPATH\CodeIgniter.php(919): App\Controllers\Productos->index()
 6 SYSTEMPATH\CodeIgniter.php(494): CodeIgniter\CodeIgniter->runController(Object(App\Controllers\Productos))
 7 SYSTEMPATH\CodeIgniter.php(353): CodeIgniter\CodeIgniter->handleRequest(null, Object(Config\Cache), false)
 8 FCPATH\index.php(79): CodeIgniter\CodeIgniter->run()
CRITICAL - 2023-09-21 14:52:07 --> Cannot use object of type stdClass as array
in APPPATH\Views\productos.php on line 26.
 1 SYSTEMPATH\View\View.php(226): include()
 2 SYSTEMPATH\View\View.php(229): CodeIgniter\View\View->CodeIgniter\View\{closure}()
 3 SYSTEMPATH\Common.php(1188): CodeIgniter\View\View->render('productos', [], true)
 4 APPPATH\Controllers\Productos.php(13): view('productos', [...])
 5 SYSTEMPATH\CodeIgniter.php(919): App\Controllers\Productos->index()
 6 SYSTEMPATH\CodeIgniter.php(494): CodeIgniter\CodeIgniter->runController(Object(App\Controllers\Productos))
 7 SYSTEMPATH\CodeIgniter.php(353): CodeIgniter\CodeIgniter->handleRequest(null, Object(Config\Cache), false)
 8 FCPATH\index.php(79): CodeIgniter\CodeIgniter->run()
CRITICAL - 2023-09-21 14:52:27 --> Cannot use object of type stdClass as array
in APPPATH\Views\productos.php on line 26.
 1 SYSTEMPATH\View\View.php(226): include()
 2 SYSTEMPATH\View\View.php(229): CodeIgniter\View\View->CodeIgniter\View\{closure}()
 3 SYSTEMPATH\Common.php(1188): CodeIgniter\View\View->render('productos', [], true)
 4 APPPATH\Controllers\Productos.php(13): view('productos', [...])
 5 SYSTEMPATH\CodeIgniter.php(919): App\Controllers\Productos->index()
 6 SYSTEMPATH\CodeIgniter.php(494): CodeIgniter\CodeIgniter->runController(Object(App\Controllers\Productos))
 7 SYSTEMPATH\CodeIgniter.php(353): CodeIgniter\CodeIgniter->handleRequest(null, Object(Config\Cache), false)
 8 FCPATH\index.php(79): CodeIgniter\CodeIgniter->run()
CRITICAL - 2023-09-21 14:56:02 --> Cannot use object of type stdClass as array
in APPPATH\Views\productos.php on line 26.
 1 SYSTEMPATH\View\View.php(226): include()
 2 SYSTEMPATH\View\View.php(229): CodeIgniter\View\View->CodeIgniter\View\{closure}()
 3 SYSTEMPATH\Common.php(1188): CodeIgniter\View\View->render('productos', [], true)
 4 APPPATH\Controllers\Productos.php(13): view('productos', [...])
 5 SYSTEMPATH\CodeIgniter.php(919): App\Controllers\Productos->index()
 6 SYSTEMPATH\CodeIgniter.php(494): CodeIgniter\CodeIgniter->runController(Object(App\Controllers\Productos))
 7 SYSTEMPATH\CodeIgniter.php(353): CodeIgniter\CodeIgniter->handleRequest(null, Object(Config\Cache), false)
 8 FCPATH\index.php(79): CodeIgniter\CodeIgniter->run()
CRITICAL - 2023-09-21 14:56:24 --> Cannot use object of type stdClass as array
in APPPATH\Views\productos.php on line 26.
 1 SYSTEMPATH\View\View.php(226): include()
 2 SYSTEMPATH\View\View.php(229): CodeIgniter\View\View->CodeIgniter\View\{closure}()
 3 SYSTEMPATH\Common.php(1188): CodeIgniter\View\View->render('productos', [], true)
 4 APPPATH\Controllers\Productos.php(13): view('productos', [...])
 5 SYSTEMPATH\CodeIgniter.php(919): App\Controllers\Productos->index()
 6 SYSTEMPATH\CodeIgniter.php(494): CodeIgniter\CodeIgniter->runController(Object(App\Controllers\Productos))
 7 SYSTEMPATH\CodeIgniter.php(353): CodeIgniter\CodeIgniter->handleRequest(null, Object(Config\Cache), false)
 8 FCPATH\index.php(79): CodeIgniter\CodeIgniter->run()
CRITICAL - 2023-09-21 14:57:01 --> Cannot use object of type stdClass as array
in APPPATH\Views\productos.php on line 26.
 1 SYSTEMPATH\View\View.php(226): include()
 2 SYSTEMPATH\View\View.php(229): CodeIgniter\View\View->CodeIgniter\View\{closure}()
 3 SYSTEMPATH\Common.php(1188): CodeIgniter\View\View->render('productos', [], true)
 4 APPPATH\Controllers\Productos.php(13): view('productos', [...])
 5 SYSTEMPATH\CodeIgniter.php(919): App\Controllers\Productos->index()
 6 SYSTEMPATH\CodeIgniter.php(494): CodeIgniter\CodeIgniter->runController(Object(App\Controllers\Productos))
 7 SYSTEMPATH\CodeIgniter.php(353): CodeIgniter\CodeIgniter->handleRequest(null, Object(Config\Cache), false)
 8 FCPATH\index.php(79): CodeIgniter\CodeIgniter->run()
CRITICAL - 2023-09-21 14:57:04 --> Cannot use object of type stdClass as array
in APPPATH\Views\productos.php on line 26.
 1 SYSTEMPATH\View\View.php(226): include()
 2 SYSTEMPATH\View\View.php(229): CodeIgniter\View\View->CodeIgniter\View\{closure}()
 3 SYSTEMPATH\Common.php(1188): CodeIgniter\View\View->render('productos', [], true)
 4 APPPATH\Controllers\Productos.php(13): view('productos', [...])
 5 SYSTEMPATH\CodeIgniter.php(919): App\Controllers\Productos->index()
 6 SYSTEMPATH\CodeIgniter.php(494): CodeIgniter\CodeIgniter->runController(Object(App\Controllers\Productos))
 7 SYSTEMPATH\CodeIgniter.php(353): CodeIgniter\CodeIgniter->handleRequest(null, Object(Config\Cache), false)
 8 FCPATH\index.php(79): CodeIgniter\CodeIgniter->run()
CRITICAL - 2023-09-21 14:57:48 --> Cannot use object of type stdClass as array
in APPPATH\Views\productos.php on line 26.
 1 SYSTEMPATH\View\View.php(226): include()
 2 SYSTEMPATH\View\View.php(229): CodeIgniter\View\View->CodeIgniter\View\{closure}()
 3 SYSTEMPATH\Common.php(1188): CodeIgniter\View\View->render('productos', [], true)
 4 APPPATH\Controllers\Productos.php(13): view('productos', [...])
 5 SYSTEMPATH\CodeIgniter.php(919): App\Controllers\Productos->index()
 6 SYSTEMPATH\CodeIgniter.php(494): CodeIgniter\CodeIgniter->runController(Object(App\Controllers\Productos))
 7 SYSTEMPATH\CodeIgniter.php(353): CodeIgniter\CodeIgniter->handleRequest(null, Object(Config\Cache), false)
 8 FCPATH\index.php(79): CodeIgniter\CodeIgniter->run()
CRITICAL - 2023-09-21 14:58:16 --> Cannot use object of type stdClass as array
in APPPATH\Views\productos.php on line 26.
 1 SYSTEMPATH\View\View.php(226): include()
 2 SYSTEMPATH\View\View.php(229): CodeIgniter\View\View->CodeIgniter\View\{closure}()
 3 SYSTEMPATH\Common.php(1188): CodeIgniter\View\View->render('productos', [], true)
 4 APPPATH\Controllers\Productos.php(13): view('productos', [...])
 5 SYSTEMPATH\CodeIgniter.php(919): App\Controllers\Productos->index()
 6 SYSTEMPATH\CodeIgniter.php(494): CodeIgniter\CodeIgniter->runController(Object(App\Controllers\Productos))
 7 SYSTEMPATH\CodeIgniter.php(353): CodeIgniter\CodeIgniter->handleRequest(null, Object(Config\Cache), false)
 8 FCPATH\index.php(79): CodeIgniter\CodeIgniter->run()
CRITICAL - 2023-09-21 14:58:17 --> Cannot use object of type stdClass as array
in APPPATH\Views\productos.php on line 26.
 1 SYSTEMPATH\View\View.php(226): include()
 2 SYSTEMPATH\View\View.php(229): CodeIgniter\View\View->CodeIgniter\View\{closure}()
 3 SYSTEMPATH\Common.php(1188): CodeIgniter\View\View->render('productos', [], true)
 4 APPPATH\Controllers\Productos.php(13): view('productos', [...])
 5 SYSTEMPATH\CodeIgniter.php(919): App\Controllers\Productos->index()
 6 SYSTEMPATH\CodeIgniter.php(494): CodeIgniter\CodeIgniter->runController(Object(App\Controllers\Productos))
 7 SYSTEMPATH\CodeIgniter.php(353): CodeIgniter\CodeIgniter->handleRequest(null, Object(Config\Cache), false)
 8 FCPATH\index.php(79): CodeIgniter\CodeIgniter->run()
CRITICAL - 2023-09-21 14:58:19 --> Cannot use object of type stdClass as array
in APPPATH\Views\productos.php on line 26.
 1 SYSTEMPATH\View\View.php(226): include()
 2 SYSTEMPATH\View\View.php(229): CodeIgniter\View\View->CodeIgniter\View\{closure}()
 3 SYSTEMPATH\Common.php(1188): CodeIgniter\View\View->render('productos', [], true)
 4 APPPATH\Controllers\Productos.php(13): view('productos', [...])
 5 SYSTEMPATH\CodeIgniter.php(919): App\Controllers\Productos->index()
 6 SYSTEMPATH\CodeIgniter.php(494): CodeIgniter\CodeIgniter->runController(Object(App\Controllers\Productos))
 7 SYSTEMPATH\CodeIgniter.php(353): CodeIgniter\CodeIgniter->handleRequest(null, Object(Config\Cache), false)
 8 FCPATH\index.php(79): CodeIgniter\CodeIgniter->run()
CRITICAL - 2023-09-21 15:00:46 --> Undefined variable $productoId
in APPPATH\Views\productos.php on line 26.
 1 APPPATH\Views\productos.php(26): CodeIgniter\Debug\Exceptions->errorHandler(2, 'Undefined variable $productoId', 'C:\\xampp\\htdocs\\PWA\\project_ci\\app\\Views\\productos.php', 26)
 2 SYSTEMPATH\View\View.php(226): include('C:\\xampp\\htdocs\\PWA\\project_ci\\app\\Views\\productos.php')
 3 SYSTEMPATH\View\View.php(229): CodeIgniter\View\View->CodeIgniter\View\{closure}()
 4 SYSTEMPATH\Common.php(1188): CodeIgniter\View\View->render('productos', [], true)
 5 APPPATH\Controllers\Productos.php(13): view('productos', [...])
 6 SYSTEMPATH\CodeIgniter.php(919): App\Controllers\Productos->index()
 7 SYSTEMPATH\CodeIgniter.php(494): CodeIgniter\CodeIgniter->runController(Object(App\Controllers\Productos))
 8 SYSTEMPATH\CodeIgniter.php(353): CodeIgniter\CodeIgniter->handleRequest(null, Object(Config\Cache), false)
 9 FCPATH\index.php(79): CodeIgniter\CodeIgniter->run()
CRITICAL - 2023-09-21 15:00:48 --> Undefined variable $productoId
in APPPATH\Views\productos.php on line 26.
 1 APPPATH\Views\productos.php(26): CodeIgniter\Debug\Exceptions->errorHandler(2, 'Undefined variable $productoId', 'C:\\xampp\\htdocs\\PWA\\project_ci\\app\\Views\\productos.php', 26)
 2 SYSTEMPATH\View\View.php(226): include('C:\\xampp\\htdocs\\PWA\\project_ci\\app\\Views\\productos.php')
 3 SYSTEMPATH\View\View.php(229): CodeIgniter\View\View->CodeIgniter\View\{closure}()
 4 SYSTEMPATH\Common.php(1188): CodeIgniter\View\View->render('productos', [], true)
 5 APPPATH\Controllers\Productos.php(13): view('productos', [...])
 6 SYSTEMPATH\CodeIgniter.php(919): App\Controllers\Productos->index()
 7 SYSTEMPATH\CodeIgniter.php(494): CodeIgniter\CodeIgniter->runController(Object(App\Controllers\Productos))
 8 SYSTEMPATH\CodeIgniter.php(353): CodeIgniter\CodeIgniter->handleRequest(null, Object(Config\Cache), false)
 9 FCPATH\index.php(79): CodeIgniter\CodeIgniter->run()
CRITICAL - 2023-09-21 15:04:12 --> Cannot use object of type stdClass as array
in APPPATH\Views\productos.php on line 26.
 1 SYSTEMPATH\View\View.php(226): include()
 2 SYSTEMPATH\View\View.php(229): CodeIgniter\View\View->CodeIgniter\View\{closure}()
 3 SYSTEMPATH\Common.php(1188): CodeIgniter\View\View->render('productos', [], true)
 4 APPPATH\Controllers\Productos.php(13): view('productos', [...])
 5 SYSTEMPATH\CodeIgniter.php(919): App\Controllers\Productos->index()
 6 SYSTEMPATH\CodeIgniter.php(494): CodeIgniter\CodeIgniter->runController(Object(App\Controllers\Productos))
 7 SYSTEMPATH\CodeIgniter.php(353): CodeIgniter\CodeIgniter->handleRequest(null, Object(Config\Cache), false)
 8 FCPATH\index.php(79): CodeIgniter\CodeIgniter->run()
CRITICAL - 2023-09-21 15:04:14 --> Cannot use object of type stdClass as array
in APPPATH\Views\productos.php on line 26.
 1 SYSTEMPATH\View\View.php(226): include()
 2 SYSTEMPATH\View\View.php(229): CodeIgniter\View\View->CodeIgniter\View\{closure}()
 3 SYSTEMPATH\Common.php(1188): CodeIgniter\View\View->render('productos', [], true)
 4 APPPATH\Controllers\Productos.php(13): view('productos', [...])
 5 SYSTEMPATH\CodeIgniter.php(919): App\Controllers\Productos->index()
 6 SYSTEMPATH\CodeIgniter.php(494): CodeIgniter\CodeIgniter->runController(Object(App\Controllers\Productos))
 7 SYSTEMPATH\CodeIgniter.php(353): CodeIgniter\CodeIgniter->handleRequest(null, Object(Config\Cache), false)
 8 FCPATH\index.php(79): CodeIgniter\CodeIgniter->run()
CRITICAL - 2023-09-21 15:05:01 --> Cannot use object of type stdClass as array
in APPPATH\Views\productos.php on line 26.
 1 SYSTEMPATH\View\View.php(226): include()
 2 SYSTEMPATH\View\View.php(229): CodeIgniter\View\View->CodeIgniter\View\{closure}()
 3 SYSTEMPATH\Common.php(1188): CodeIgniter\View\View->render('productos', [], true)
 4 APPPATH\Controllers\Productos.php(13): view('productos', [...])
 5 SYSTEMPATH\CodeIgniter.php(919): App\Controllers\Productos->index()
 6 SYSTEMPATH\CodeIgniter.php(494): CodeIgniter\CodeIgniter->runController(Object(App\Controllers\Productos))
 7 SYSTEMPATH\CodeIgniter.php(353): CodeIgniter\CodeIgniter->handleRequest(null, Object(Config\Cache), false)
 8 FCPATH\index.php(79): CodeIgniter\CodeIgniter->run()
ERROR - 2023-09-21 15:13:03 --> mysqli_sql_exception: Unknown column 'Detalle' in 'field list' in C:\xampp\htdocs\PWA\project_ci\system\Database\MySQLi\Connection.php:306
Stack trace:
#0 C:\xampp\htdocs\PWA\project_ci\system\Database\MySQLi\Connection.php(306): mysqli->query('SELECT Nombre, ...', 0)
#1 C:\xampp\htdocs\PWA\project_ci\system\Database\BaseConnection.php(692): CodeIgniter\Database\MySQLi\Connection->execute('SELECT Nombre, ...')
#2 C:\xampp\htdocs\PWA\project_ci\system\Database\BaseConnection.php(606): CodeIgniter\Database\BaseConnection->simpleQuery('SELECT Nombre, ...')
#3 C:\xampp\htdocs\PWA\project_ci\app\Controllers\Productos.php(10): CodeIgniter\Database\BaseConnection->query('SELECT Nombre, ...')
#4 C:\xampp\htdocs\PWA\project_ci\system\CodeIgniter.php(919): App\Controllers\Productos->index()
#5 C:\xampp\htdocs\PWA\project_ci\system\CodeIgniter.php(494): CodeIgniter\CodeIgniter->runController(Object(App\Controllers\Productos))
#6 C:\xampp\htdocs\PWA\project_ci\system\CodeIgniter.php(353): CodeIgniter\CodeIgniter->handleRequest(NULL, Object(Config\Cache), false)
#7 C:\xampp\htdocs\PWA\project_ci\public\index.php(79): CodeIgniter\CodeIgniter->run()
#8 {main}
CRITICAL - 2023-09-21 15:13:03 --> Unknown column 'Detalle' in 'field list'
in SYSTEMPATH\Database\BaseConnection.php on line 646.
 1 APPPATH\Controllers\Productos.php(10): CodeIgniter\Database\BaseConnection->query('SELECT Nombre, Tipo_de_producto, Precio_base, Detalle FROM productos')
 2 SYSTEMPATH\CodeIgniter.php(919): App\Controllers\Productos->index()
 3 SYSTEMPATH\CodeIgniter.php(494): CodeIgniter\CodeIgniter->runController(Object(App\Controllers\Productos))
 4 SYSTEMPATH\CodeIgniter.php(353): CodeIgniter\CodeIgniter->handleRequest(null, Object(Config\Cache), false)
 5 FCPATH\index.php(79): CodeIgniter\CodeIgniter->run()
ERROR - 2023-09-21 15:13:06 --> mysqli_sql_exception: Unknown column 'Detalle' in 'field list' in C:\xampp\htdocs\PWA\project_ci\system\Database\MySQLi\Connection.php:306
Stack trace:
#0 C:\xampp\htdocs\PWA\project_ci\system\Database\MySQLi\Connection.php(306): mysqli->query('SELECT Nombre, ...', 0)
#1 C:\xampp\htdocs\PWA\project_ci\system\Database\BaseConnection.php(692): CodeIgniter\Database\MySQLi\Connection->execute('SELECT Nombre, ...')
#2 C:\xampp\htdocs\PWA\project_ci\system\Database\BaseConnection.php(606): CodeIgniter\Database\BaseConnection->simpleQuery('SELECT Nombre, ...')
#3 C:\xampp\htdocs\PWA\project_ci\app\Controllers\Productos.php(10): CodeIgniter\Database\BaseConnection->query('SELECT Nombre, ...')
#4 C:\xampp\htdocs\PWA\project_ci\system\CodeIgniter.php(919): App\Controllers\Productos->index()
#5 C:\xampp\htdocs\PWA\project_ci\system\CodeIgniter.php(494): CodeIgniter\CodeIgniter->runController(Object(App\Controllers\Productos))
#6 C:\xampp\htdocs\PWA\project_ci\system\CodeIgniter.php(353): CodeIgniter\CodeIgniter->handleRequest(NULL, Object(Config\Cache), false)
#7 C:\xampp\htdocs\PWA\project_ci\public\index.php(79): CodeIgniter\CodeIgniter->run()
#8 {main}
CRITICAL - 2023-09-21 15:13:06 --> Unknown column 'Detalle' in 'field list'
in SYSTEMPATH\Database\BaseConnection.php on line 646.
 1 APPPATH\Controllers\Productos.php(10): CodeIgniter\Database\BaseConnection->query('SELECT Nombre, Tipo_de_producto, Precio_base, Detalle FROM productos')
 2 SYSTEMPATH\CodeIgniter.php(919): App\Controllers\Productos->index()
 3 SYSTEMPATH\CodeIgniter.php(494): CodeIgniter\CodeIgniter->runController(Object(App\Controllers\Productos))
 4 SYSTEMPATH\CodeIgniter.php(353): CodeIgniter\CodeIgniter->handleRequest(null, Object(Config\Cache), false)
 5 FCPATH\index.php(79): CodeIgniter\CodeIgniter->run()
CRITICAL - 2023-09-21 15:16:32 --> Undefined variable $productos
in APPPATH\Views\productos.php on line 21.
 1 APPPATH\Views\productos.php(21): CodeIgniter\Debug\Exceptions->errorHandler(2, 'Undefined variable $productos', 'C:\\xampp\\htdocs\\PWA\\project_ci\\app\\Views\\productos.php', 21)
 2 SYSTEMPATH\View\View.php(226): include('C:\\xampp\\htdocs\\PWA\\project_ci\\app\\Views\\productos.php')
 3 SYSTEMPATH\View\View.php(229): CodeIgniter\View\View->CodeIgniter\View\{closure}()
 4 SYSTEMPATH\Common.php(1188): CodeIgniter\View\View->render('productos', [], true)
 5 APPPATH\Controllers\Productos.php(29): view('productos', [...])
 6 SYSTEMPATH\CodeIgniter.php(919): App\Controllers\Productos->cat('detalle', '1')
 7 SYSTEMPATH\CodeIgniter.php(494): CodeIgniter\CodeIgniter->runController(Object(App\Controllers\Productos))
 8 SYSTEMPATH\CodeIgniter.php(353): CodeIgniter\CodeIgniter->handleRequest(null, Object(Config\Cache), false)
 9 FCPATH\index.php(79): CodeIgniter\CodeIgniter->run()
CRITICAL - 2023-09-21 15:17:03 --> Undefined variable $productos
in APPPATH\Views\productos.php on line 21.
 1 APPPATH\Views\productos.php(21): CodeIgniter\Debug\Exceptions->errorHandler(2, 'Undefined variable $productos', 'C:\\xampp\\htdocs\\PWA\\project_ci\\app\\Views\\productos.php', 21)
 2 SYSTEMPATH\View\View.php(226): include('C:\\xampp\\htdocs\\PWA\\project_ci\\app\\Views\\productos.php')
 3 SYSTEMPATH\View\View.php(229): CodeIgniter\View\View->CodeIgniter\View\{closure}()
 4 SYSTEMPATH\Common.php(1188): CodeIgniter\View\View->render('productos', [], true)
 5 APPPATH\Controllers\Productos.php(29): view('productos', [...])
 6 SYSTEMPATH\CodeIgniter.php(919): App\Controllers\Productos->cat('detalle', '1')
 7 SYSTEMPATH\CodeIgniter.php(494): CodeIgniter\CodeIgniter->runController(Object(App\Controllers\Productos))
 8 SYSTEMPATH\CodeIgniter.php(353): CodeIgniter\CodeIgniter->handleRequest(null, Object(Config\Cache), false)
 9 FCPATH\index.php(79): CodeIgniter\CodeIgniter->run()
CRITICAL - 2023-09-21 15:20:56 --> Undefined variable $productos
in APPPATH\Views\productos.php on line 21.
 1 APPPATH\Views\productos.php(21): CodeIgniter\Debug\Exceptions->errorHandler(2, 'Undefined variable $productos', 'C:\\xampp\\htdocs\\PWA\\project_ci\\app\\Views\\productos.php', 21)
 2 SYSTEMPATH\View\View.php(226): include('C:\\xampp\\htdocs\\PWA\\project_ci\\app\\Views\\productos.php')
 3 SYSTEMPATH\View\View.php(229): CodeIgniter\View\View->CodeIgniter\View\{closure}()
 4 SYSTEMPATH\Common.php(1188): CodeIgniter\View\View->render('productos', [], true)
 5 APPPATH\Controllers\Productos.php(29): view('productos', [...])
 6 SYSTEMPATH\CodeIgniter.php(919): App\Controllers\Productos->cat('detalle', '1')
 7 SYSTEMPATH\CodeIgniter.php(494): CodeIgniter\CodeIgniter->runController(Object(App\Controllers\Productos))
 8 SYSTEMPATH\CodeIgniter.php(353): CodeIgniter\CodeIgniter->handleRequest(null, Object(Config\Cache), false)
 9 FCPATH\index.php(79): CodeIgniter\CodeIgniter->run()
CRITICAL - 2023-09-21 15:21:02 --> Cannot use object of type stdClass as array
in APPPATH\Views\productos.php on line 26.
 1 SYSTEMPATH\View\View.php(226): include()
 2 SYSTEMPATH\View\View.php(229): CodeIgniter\View\View->CodeIgniter\View\{closure}()
 3 SYSTEMPATH\Common.php(1188): CodeIgniter\View\View->render('productos', [], true)
 4 APPPATH\Controllers\Productos.php(15): view('productos', [...])
 5 SYSTEMPATH\CodeIgniter.php(919): App\Controllers\Productos->index()
 6 SYSTEMPATH\CodeIgniter.php(494): CodeIgniter\CodeIgniter->runController(Object(App\Controllers\Productos))
 7 SYSTEMPATH\CodeIgniter.php(353): CodeIgniter\CodeIgniter->handleRequest(null, Object(Config\Cache), false)
 8 FCPATH\index.php(79): CodeIgniter\CodeIgniter->run()
CRITICAL - 2023-09-21 15:21:05 --> Cannot use object of type stdClass as array
in APPPATH\Views\productos.php on line 26.
 1 SYSTEMPATH\View\View.php(226): include()
 2 SYSTEMPATH\View\View.php(229): CodeIgniter\View\View->CodeIgniter\View\{closure}()
 3 SYSTEMPATH\Common.php(1188): CodeIgniter\View\View->render('productos', [], true)
 4 APPPATH\Controllers\Productos.php(15): view('productos', [...])
 5 SYSTEMPATH\CodeIgniter.php(919): App\Controllers\Productos->index()
 6 SYSTEMPATH\CodeIgniter.php(494): CodeIgniter\CodeIgniter->runController(Object(App\Controllers\Productos))
 7 SYSTEMPATH\CodeIgniter.php(353): CodeIgniter\CodeIgniter->handleRequest(null, Object(Config\Cache), false)
 8 FCPATH\index.php(79): CodeIgniter\CodeIgniter->run()
CRITICAL - 2023-09-21 15:22:50 --> Cannot use object of type stdClass as array
in APPPATH\Views\productos.php on line 26.
 1 SYSTEMPATH\View\View.php(226): include()
 2 SYSTEMPATH\View\View.php(229): CodeIgniter\View\View->CodeIgniter\View\{closure}()
 3 SYSTEMPATH\Common.php(1188): CodeIgniter\View\View->render('productos', [], true)
 4 APPPATH\Controllers\Productos.php(15): view('productos', [...])
 5 SYSTEMPATH\CodeIgniter.php(919): App\Controllers\Productos->index()
 6 SYSTEMPATH\CodeIgniter.php(494): CodeIgniter\CodeIgniter->runController(Object(App\Controllers\Productos))
 7 SYSTEMPATH\CodeIgniter.php(353): CodeIgniter\CodeIgniter->handleRequest(null, Object(Config\Cache), false)
 8 FCPATH\index.php(79): CodeIgniter\CodeIgniter->run()
CRITICAL - 2023-09-21 15:26:44 --> Cannot use object of type stdClass as array
in APPPATH\Views\productos.php on line 26.
 1 SYSTEMPATH\View\View.php(226): include()
 2 SYSTEMPATH\View\View.php(229): CodeIgniter\View\View->CodeIgniter\View\{closure}()
 3 SYSTEMPATH\Common.php(1188): CodeIgniter\View\View->render('productos', [], true)
 4 APPPATH\Controllers\Productos.php(15): view('productos', [...])
 5 SYSTEMPATH\CodeIgniter.php(919): App\Controllers\Productos->index()
 6 SYSTEMPATH\CodeIgniter.php(494): CodeIgniter\CodeIgniter->runController(Object(App\Controllers\Productos))
 7 SYSTEMPATH\CodeIgniter.php(353): CodeIgniter\CodeIgniter->handleRequest(null, Object(Config\Cache), false)
 8 FCPATH\index.php(79): CodeIgniter\CodeIgniter->run()
CRITICAL - 2023-09-21 15:27:25 --> Cannot use object of type stdClass as array
in APPPATH\Views\productos.php on line 26.
 1 SYSTEMPATH\View\View.php(226): include()
 2 SYSTEMPATH\View\View.php(229): CodeIgniter\View\View->CodeIgniter\View\{closure}()
 3 SYSTEMPATH\Common.php(1188): CodeIgniter\View\View->render('productos', [], true)
 4 APPPATH\Controllers\Productos.php(15): view('productos', [...])
 5 SYSTEMPATH\CodeIgniter.php(919): App\Controllers\Productos->index()
 6 SYSTEMPATH\CodeIgniter.php(494): CodeIgniter\CodeIgniter->runController(Object(App\Controllers\Productos))
 7 SYSTEMPATH\CodeIgniter.php(353): CodeIgniter\CodeIgniter->handleRequest(null, Object(Config\Cache), false)
 8 FCPATH\index.php(79): CodeIgniter\CodeIgniter->run()
CRITICAL - 2023-09-21 15:37:26 --> Undefined variable $id
in APPPATH\Views\productos.php on line 26.
 1 APPPATH\Views\productos.php(26): CodeIgniter\Debug\Exceptions->errorHandler(2, 'Undefined variable $id', 'C:\\xampp\\htdocs\\PWA\\project_ci\\app\\Views\\productos.php', 26)
 2 SYSTEMPATH\View\View.php(226): include('C:\\xampp\\htdocs\\PWA\\project_ci\\app\\Views\\productos.php')
 3 SYSTEMPATH\View\View.php(229): CodeIgniter\View\View->CodeIgniter\View\{closure}()
 4 SYSTEMPATH\Common.php(1188): CodeIgniter\View\View->render('productos', [], true)
 5 APPPATH\Controllers\Productos.php(15): view('productos', [...])
 6 SYSTEMPATH\CodeIgniter.php(919): App\Controllers\Productos->index()
 7 SYSTEMPATH\CodeIgniter.php(494): CodeIgniter\CodeIgniter->runController(Object(App\Controllers\Productos))
 8 SYSTEMPATH\CodeIgniter.php(353): CodeIgniter\CodeIgniter->handleRequest(null, Object(Config\Cache), false)
 9 FCPATH\index.php(79): CodeIgniter\CodeIgniter->run()
CRITICAL - 2023-09-21 15:37:55 --> Undefined variable $productoId
in APPPATH\Views\productos.php on line 26.
 1 APPPATH\Views\productos.php(26): CodeIgniter\Debug\Exceptions->errorHandler(2, 'Undefined variable $productoId', 'C:\\xampp\\htdocs\\PWA\\project_ci\\app\\Views\\productos.php', 26)
 2 SYSTEMPATH\View\View.php(226): include('C:\\xampp\\htdocs\\PWA\\project_ci\\app\\Views\\productos.php')
 3 SYSTEMPATH\View\View.php(229): CodeIgniter\View\View->CodeIgniter\View\{closure}()
 4 SYSTEMPATH\Common.php(1188): CodeIgniter\View\View->render('productos', [], true)
 5 APPPATH\Controllers\Productos.php(15): view('productos', [...])
 6 SYSTEMPATH\CodeIgniter.php(919): App\Controllers\Productos->index()
 7 SYSTEMPATH\CodeIgniter.php(494): CodeIgniter\CodeIgniter->runController(Object(App\Controllers\Productos))
 8 SYSTEMPATH\CodeIgniter.php(353): CodeIgniter\CodeIgniter->handleRequest(null, Object(Config\Cache), false)
 9 FCPATH\index.php(79): CodeIgniter\CodeIgniter->run()
CRITICAL - 2023-09-21 15:39:31 --> Object of class stdClass could not be converted to string
in APPPATH\Views\productos.php on line 26.
 1 SYSTEMPATH\View\View.php(226): include()
 2 SYSTEMPATH\View\View.php(229): CodeIgniter\View\View->CodeIgniter\View\{closure}()
 3 SYSTEMPATH\Common.php(1188): CodeIgniter\View\View->render('productos', [], true)
 4 APPPATH\Controllers\Productos.php(15): view('productos', [...])
 5 SYSTEMPATH\CodeIgniter.php(919): App\Controllers\Productos->index()
 6 SYSTEMPATH\CodeIgniter.php(494): CodeIgniter\CodeIgniter->runController(Object(App\Controllers\Productos))
 7 SYSTEMPATH\CodeIgniter.php(353): CodeIgniter\CodeIgniter->handleRequest(null, Object(Config\Cache), false)
 8 FCPATH\index.php(79): CodeIgniter\CodeIgniter->run()
CRITICAL - 2023-09-21 15:40:21 --> Undefined variable $productoId
in APPPATH\Views\productos.php on line 26.
 1 APPPATH\Views\productos.php(26): CodeIgniter\Debug\Exceptions->errorHandler(2, 'Undefined variable $productoId', 'C:\\xampp\\htdocs\\PWA\\project_ci\\app\\Views\\productos.php', 26)
 2 SYSTEMPATH\View\View.php(226): include('C:\\xampp\\htdocs\\PWA\\project_ci\\app\\Views\\productos.php')
 3 SYSTEMPATH\View\View.php(229): CodeIgniter\View\View->CodeIgniter\View\{closure}()
 4 SYSTEMPATH\Common.php(1188): CodeIgniter\View\View->render('productos', [], true)
 5 APPPATH\Controllers\Productos.php(15): view('productos', [...])
 6 SYSTEMPATH\CodeIgniter.php(919): App\Controllers\Productos->index()
 7 SYSTEMPATH\CodeIgniter.php(494): CodeIgniter\CodeIgniter->runController(Object(App\Controllers\Productos))
 8 SYSTEMPATH\CodeIgniter.php(353): CodeIgniter\CodeIgniter->handleRequest(null, Object(Config\Cache), false)
 9 FCPATH\index.php(79): CodeIgniter\CodeIgniter->run()
CRITICAL - 2023-09-21 15:46:20 --> Undefined variable $productoId
in APPPATH\Views\productos.php on line 26.
 1 APPPATH\Views\productos.php(26): CodeIgniter\Debug\Exceptions->errorHandler(2, 'Undefined variable $productoId', 'C:\\xampp\\htdocs\\PWA\\project_ci\\app\\Views\\productos.php', 26)
 2 SYSTEMPATH\View\View.php(226): include('C:\\xampp\\htdocs\\PWA\\project_ci\\app\\Views\\productos.php')
 3 SYSTEMPATH\View\View.php(229): CodeIgniter\View\View->CodeIgniter\View\{closure}()
 4 SYSTEMPATH\Common.php(1188): CodeIgniter\View\View->render('productos', [], true)
 5 APPPATH\Controllers\Productos.php(15): view('productos', [...])
 6 SYSTEMPATH\CodeIgniter.php(919): App\Controllers\Productos->index()
 7 SYSTEMPATH\CodeIgniter.php(494): CodeIgniter\CodeIgniter->runController(Object(App\Controllers\Productos))
 8 SYSTEMPATH\CodeIgniter.php(353): CodeIgniter\CodeIgniter->handleRequest(null, Object(Config\Cache), false)
 9 FCPATH\index.php(79): CodeIgniter\CodeIgniter->run()
CRITICAL - 2023-09-21 15:47:07 --> Undefined variable $productoId
in APPPATH\Views\productos.php on line 26.
 1 APPPATH\Views\productos.php(26): CodeIgniter\Debug\Exceptions->errorHandler(2, 'Undefined variable $productoId', 'C:\\xampp\\htdocs\\PWA\\project_ci\\app\\Views\\productos.php', 26)
 2 SYSTEMPATH\View\View.php(226): include('C:\\xampp\\htdocs\\PWA\\project_ci\\app\\Views\\productos.php')
 3 SYSTEMPATH\View\View.php(229): CodeIgniter\View\View->CodeIgniter\View\{closure}()
 4 SYSTEMPATH\Common.php(1188): CodeIgniter\View\View->render('productos', [], true)
 5 APPPATH\Controllers\Productos.php(15): view('productos', [...])
 6 SYSTEMPATH\CodeIgniter.php(919): App\Controllers\Productos->index()
 7 SYSTEMPATH\CodeIgniter.php(494): CodeIgniter\CodeIgniter->runController(Object(App\Controllers\Productos))
 8 SYSTEMPATH\CodeIgniter.php(353): CodeIgniter\CodeIgniter->handleRequest(null, Object(Config\Cache), false)
 9 FCPATH\index.php(79): CodeIgniter\CodeIgniter->run()
CRITICAL - 2023-09-21 15:48:35 --> Undefined variable $productoId
in APPPATH\Views\productos.php on line 26.
 1 APPPATH\Views\productos.php(26): CodeIgniter\Debug\Exceptions->errorHandler(2, 'Undefined variable $productoId', 'C:\\xampp\\htdocs\\PWA\\project_ci\\app\\Views\\productos.php', 26)
 2 SYSTEMPATH\View\View.php(226): include('C:\\xampp\\htdocs\\PWA\\project_ci\\app\\Views\\productos.php')
 3 SYSTEMPATH\View\View.php(229): CodeIgniter\View\View->CodeIgniter\View\{closure}()
 4 SYSTEMPATH\Common.php(1188): CodeIgniter\View\View->render('productos', [], true)
 5 APPPATH\Controllers\Productos.php(15): view('productos', [...])
 6 SYSTEMPATH\CodeIgniter.php(919): App\Controllers\Productos->index()
 7 SYSTEMPATH\CodeIgniter.php(494): CodeIgniter\CodeIgniter->runController(Object(App\Controllers\Productos))
 8 SYSTEMPATH\CodeIgniter.php(353): CodeIgniter\CodeIgniter->handleRequest(null, Object(Config\Cache), false)
 9 FCPATH\index.php(79): CodeIgniter\CodeIgniter->run()
CRITICAL - 2023-09-21 15:49:41 --> Cannot use object of type stdClass as array
in APPPATH\Views\productos.php on line 26.
 1 SYSTEMPATH\View\View.php(226): include()
 2 SYSTEMPATH\View\View.php(229): CodeIgniter\View\View->CodeIgniter\View\{closure}()
 3 SYSTEMPATH\Common.php(1188): CodeIgniter\View\View->render('productos', [], true)
 4 APPPATH\Controllers\Productos.php(15): view('productos', [...])
 5 SYSTEMPATH\CodeIgniter.php(919): App\Controllers\Productos->index()
 6 SYSTEMPATH\CodeIgniter.php(494): CodeIgniter\CodeIgniter->runController(Object(App\Controllers\Productos))
 7 SYSTEMPATH\CodeIgniter.php(353): CodeIgniter\CodeIgniter->handleRequest(null, Object(Config\Cache), false)
 8 FCPATH\index.php(79): CodeIgniter\CodeIgniter->run()
CRITICAL - 2023-09-21 15:52:28 --> Cannot use object of type stdClass as array
in APPPATH\Views\productos.php on line 26.
 1 SYSTEMPATH\View\View.php(226): include()
 2 SYSTEMPATH\View\View.php(229): CodeIgniter\View\View->CodeIgniter\View\{closure}()
 3 SYSTEMPATH\Common.php(1188): CodeIgniter\View\View->render('productos', [], true)
 4 APPPATH\Controllers\Productos.php(15): view('productos', [...])
 5 SYSTEMPATH\CodeIgniter.php(919): App\Controllers\Productos->index()
 6 SYSTEMPATH\CodeIgniter.php(494): CodeIgniter\CodeIgniter->runController(Object(App\Controllers\Productos))
 7 SYSTEMPATH\CodeIgniter.php(353): CodeIgniter\CodeIgniter->handleRequest(null, Object(Config\Cache), false)
 8 FCPATH\index.php(79): CodeIgniter\CodeIgniter->run()
CRITICAL - 2023-09-21 15:59:54 --> Cannot use object of type stdClass as array
in APPPATH\Views\productos.php on line 26.
 1 SYSTEMPATH\View\View.php(226): include()
 2 SYSTEMPATH\View\View.php(229): CodeIgniter\View\View->CodeIgniter\View\{closure}()
 3 SYSTEMPATH\Common.php(1188): CodeIgniter\View\View->render('productos', [], true)
 4 APPPATH\Controllers\Productos.php(15): view('productos', [...])
 5 SYSTEMPATH\CodeIgniter.php(919): App\Controllers\Productos->index()
 6 SYSTEMPATH\CodeIgniter.php(494): CodeIgniter\CodeIgniter->runController(Object(App\Controllers\Productos))
 7 SYSTEMPATH\CodeIgniter.php(353): CodeIgniter\CodeIgniter->handleRequest(null, Object(Config\Cache), false)
 8 FCPATH\index.php(79): CodeIgniter\CodeIgniter->run()
CRITICAL - 2023-09-21 16:02:48 --> Cannot use object of type stdClass as array
in APPPATH\Views\productos.php on line 26.
 1 SYSTEMPATH\View\View.php(226): include()
 2 SYSTEMPATH\View\View.php(229): CodeIgniter\View\View->CodeIgniter\View\{closure}()
 3 SYSTEMPATH\Common.php(1188): CodeIgniter\View\View->render('productos', [], true)
 4 APPPATH\Controllers\Productos.php(15): view('productos', [...])
 5 SYSTEMPATH\CodeIgniter.php(919): App\Controllers\Productos->index()
 6 SYSTEMPATH\CodeIgniter.php(494): CodeIgniter\CodeIgniter->runController(Object(App\Controllers\Productos))
 7 SYSTEMPATH\CodeIgniter.php(353): CodeIgniter\CodeIgniter->handleRequest(null, Object(Config\Cache), false)
 8 FCPATH\index.php(79): CodeIgniter\CodeIgniter->run()
CRITICAL - 2023-09-21 16:09:47 --> Undefined variable $productoID
in APPPATH\Views\productos.php on line 26.
 1 APPPATH\Views\productos.php(26): CodeIgniter\Debug\Exceptions->errorHandler(2, 'Undefined variable $productoID', 'C:\\xampp\\htdocs\\PWA\\project_ci\\app\\Views\\productos.php', 26)
 2 SYSTEMPATH\View\View.php(226): include('C:\\xampp\\htdocs\\PWA\\project_ci\\app\\Views\\productos.php')
 3 SYSTEMPATH\View\View.php(229): CodeIgniter\View\View->CodeIgniter\View\{closure}()
 4 SYSTEMPATH\Common.php(1188): CodeIgniter\View\View->render('productos', [], true)
 5 APPPATH\Controllers\Productos.php(15): view('productos', [...])
 6 SYSTEMPATH\CodeIgniter.php(919): App\Controllers\Productos->index()
 7 SYSTEMPATH\CodeIgniter.php(494): CodeIgniter\CodeIgniter->runController(Object(App\Controllers\Productos))
 8 SYSTEMPATH\CodeIgniter.php(353): CodeIgniter\CodeIgniter->handleRequest(null, Object(Config\Cache), false)
 9 FCPATH\index.php(79): CodeIgniter\CodeIgniter->run()
CRITICAL - 2023-09-21 16:21:43 --> Undefined variable $productoID
in APPPATH\Views\productos.php on line 26.
 1 APPPATH\Views\productos.php(26): CodeIgniter\Debug\Exceptions->errorHandler(2, 'Undefined variable $productoID', 'C:\\xampp\\htdocs\\PWA\\project_ci\\app\\Views\\productos.php', 26)
 2 SYSTEMPATH\View\View.php(226): include('C:\\xampp\\htdocs\\PWA\\project_ci\\app\\Views\\productos.php')
 3 SYSTEMPATH\View\View.php(229): CodeIgniter\View\View->CodeIgniter\View\{closure}()
 4 SYSTEMPATH\Common.php(1188): CodeIgniter\View\View->render('productos', [], true)
 5 APPPATH\Controllers\Productos.php(15): view('productos', [...])
 6 SYSTEMPATH\CodeIgniter.php(919): App\Controllers\Productos->index()
 7 SYSTEMPATH\CodeIgniter.php(494): CodeIgniter\CodeIgniter->runController(Object(App\Controllers\Productos))
 8 SYSTEMPATH\CodeIgniter.php(353): CodeIgniter\CodeIgniter->handleRequest(null, Object(Config\Cache), false)
 9 FCPATH\index.php(79): CodeIgniter\CodeIgniter->run()
CRITICAL - 2023-09-21 16:53:02 --> Cannot use object of type stdClass as array
in APPPATH\Views\productos.php on line 26.
 1 SYSTEMPATH\View\View.php(226): include()
 2 SYSTEMPATH\View\View.php(229): CodeIgniter\View\View->CodeIgniter\View\{closure}()
 3 SYSTEMPATH\Common.php(1188): CodeIgniter\View\View->render('productos', [], true)
 4 APPPATH\Controllers\Productos.php(15): view('productos', [...])
 5 SYSTEMPATH\CodeIgniter.php(919): App\Controllers\Productos->index()
 6 SYSTEMPATH\CodeIgniter.php(494): CodeIgniter\CodeIgniter->runController(Object(App\Controllers\Productos))
 7 SYSTEMPATH\CodeIgniter.php(353): CodeIgniter\CodeIgniter->handleRequest(null, Object(Config\Cache), false)
 8 FCPATH\index.php(79): CodeIgniter\CodeIgniter->run()
CRITICAL - 2023-09-21 16:53:58 --> Undefined variable $id
in APPPATH\Views\productos.php on line 26.
 1 APPPATH\Views\productos.php(26): CodeIgniter\Debug\Exceptions->errorHandler(2, 'Undefined variable $id', 'C:\\xampp\\htdocs\\PWA\\project_ci\\app\\Views\\productos.php', 26)
 2 SYSTEMPATH\View\View.php(226): include('C:\\xampp\\htdocs\\PWA\\project_ci\\app\\Views\\productos.php')
 3 SYSTEMPATH\View\View.php(229): CodeIgniter\View\View->CodeIgniter\View\{closure}()
 4 SYSTEMPATH\Common.php(1188): CodeIgniter\View\View->render('productos', [], true)
 5 APPPATH\Controllers\Productos.php(15): view('productos', [...])
 6 SYSTEMPATH\CodeIgniter.php(919): App\Controllers\Productos->index()
 7 SYSTEMPATH\CodeIgniter.php(494): CodeIgniter\CodeIgniter->runController(Object(App\Controllers\Productos))
 8 SYSTEMPATH\CodeIgniter.php(353): CodeIgniter\CodeIgniter->handleRequest(null, Object(Config\Cache), false)
 9 FCPATH\index.php(79): CodeIgniter\CodeIgniter->run()
CRITICAL - 2023-09-21 16:56:20 --> Undefined variable $productoId
in APPPATH\Views\productos.php on line 26.
 1 APPPATH\Views\productos.php(26): CodeIgniter\Debug\Exceptions->errorHandler(2, 'Undefined variable $productoId', 'C:\\xampp\\htdocs\\PWA\\project_ci\\app\\Views\\productos.php', 26)
 2 SYSTEMPATH\View\View.php(226): include('C:\\xampp\\htdocs\\PWA\\project_ci\\app\\Views\\productos.php')
 3 SYSTEMPATH\View\View.php(229): CodeIgniter\View\View->CodeIgniter\View\{closure}()
 4 SYSTEMPATH\Common.php(1188): CodeIgniter\View\View->render('productos', [], true)
 5 APPPATH\Controllers\Productos.php(15): view('productos', [...])
 6 SYSTEMPATH\CodeIgniter.php(919): App\Controllers\Productos->index()
 7 SYSTEMPATH\CodeIgniter.php(494): CodeIgniter\CodeIgniter->runController(Object(App\Controllers\Productos))
 8 SYSTEMPATH\CodeIgniter.php(353): CodeIgniter\CodeIgniter->handleRequest(null, Object(Config\Cache), false)
 9 FCPATH\index.php(79): CodeIgniter\CodeIgniter->run()
CRITICAL - 2023-09-21 17:04:28 --> Array to string conversion
in APPPATH\Views\productos.php on line 26.
 1 APPPATH\Views\productos.php(26): CodeIgniter\Debug\Exceptions->errorHandler(2, 'Array to string conversion', 'C:\\xampp\\htdocs\\PWA\\project_ci\\app\\Views\\productos.php', 26)
 2 SYSTEMPATH\View\View.php(226): include('C:\\xampp\\htdocs\\PWA\\project_ci\\app\\Views\\productos.php')
 3 SYSTEMPATH\View\View.php(229): CodeIgniter\View\View->CodeIgniter\View\{closure}()
 4 SYSTEMPATH\Common.php(1188): CodeIgniter\View\View->render('productos', [], true)
 5 APPPATH\Controllers\Productos.php(15): view('productos', [...])
 6 SYSTEMPATH\CodeIgniter.php(919): App\Controllers\Productos->index()
 7 SYSTEMPATH\CodeIgniter.php(494): CodeIgniter\CodeIgniter->runController(Object(App\Controllers\Productos))
 8 SYSTEMPATH\CodeIgniter.php(353): CodeIgniter\CodeIgniter->handleRequest(null, Object(Config\Cache), false)
 9 FCPATH\index.php(79): CodeIgniter\CodeIgniter->run()
CRITICAL - 2023-09-21 17:05:39 --> Cannot use object of type stdClass as array
in APPPATH\Views\productos.php on line 26.
 1 SYSTEMPATH\View\View.php(226): include()
 2 SYSTEMPATH\View\View.php(229): CodeIgniter\View\View->CodeIgniter\View\{closure}()
 3 SYSTEMPATH\Common.php(1188): CodeIgniter\View\View->render('productos', [], true)
 4 APPPATH\Controllers\Productos.php(15): view('productos', [...])
 5 SYSTEMPATH\CodeIgniter.php(919): App\Controllers\Productos->index()
 6 SYSTEMPATH\CodeIgniter.php(494): CodeIgniter\CodeIgniter->runController(Object(App\Controllers\Productos))
 7 SYSTEMPATH\CodeIgniter.php(353): CodeIgniter\CodeIgniter->handleRequest(null, Object(Config\Cache), false)
 8 FCPATH\index.php(79): CodeIgniter\CodeIgniter->run()
CRITICAL - 2023-09-21 17:06:07 --> Array to string conversion
in APPPATH\Views\productos.php on line 26.
 1 APPPATH\Views\productos.php(26): CodeIgniter\Debug\Exceptions->errorHandler(2, 'Array to string conversion', 'C:\\xampp\\htdocs\\PWA\\project_ci\\app\\Views\\productos.php', 26)
 2 SYSTEMPATH\View\View.php(226): include('C:\\xampp\\htdocs\\PWA\\project_ci\\app\\Views\\productos.php')
 3 SYSTEMPATH\View\View.php(229): CodeIgniter\View\View->CodeIgniter\View\{closure}()
 4 SYSTEMPATH\Common.php(1188): CodeIgniter\View\View->render('productos', [], true)
 5 APPPATH\Controllers\Productos.php(15): view('productos', [...])
 6 SYSTEMPATH\CodeIgniter.php(919): App\Controllers\Productos->index()
 7 SYSTEMPATH\CodeIgniter.php(494): CodeIgniter\CodeIgniter->runController(Object(App\Controllers\Productos))
 8 SYSTEMPATH\CodeIgniter.php(353): CodeIgniter\CodeIgniter->handleRequest(null, Object(Config\Cache), false)
 9 FCPATH\index.php(79): CodeIgniter\CodeIgniter->run()
CRITICAL - 2023-09-21 17:07:07 --> Array to string conversion
in APPPATH\Views\productos.php on line 26.
 1 APPPATH\Views\productos.php(26): CodeIgniter\Debug\Exceptions->errorHandler(2, 'Array to string conversion', 'C:\\xampp\\htdocs\\PWA\\project_ci\\app\\Views\\productos.php', 26)
 2 SYSTEMPATH\View\View.php(226): include('C:\\xampp\\htdocs\\PWA\\project_ci\\app\\Views\\productos.php')
 3 SYSTEMPATH\View\View.php(229): CodeIgniter\View\View->CodeIgniter\View\{closure}()
 4 SYSTEMPATH\Common.php(1188): CodeIgniter\View\View->render('productos', [], true)
 5 APPPATH\Controllers\Productos.php(15): view('productos', [...])
 6 SYSTEMPATH\CodeIgniter.php(919): App\Controllers\Productos->index()
 7 SYSTEMPATH\CodeIgniter.php(494): CodeIgniter\CodeIgniter->runController(Object(App\Controllers\Productos))
 8 SYSTEMPATH\CodeIgniter.php(353): CodeIgniter\CodeIgniter->handleRequest(null, Object(Config\Cache), false)
 9 FCPATH\index.php(79): CodeIgniter\CodeIgniter->run()
CRITICAL - 2023-09-21 17:35:51 --> Controller or its method is not found: Productos::verDetalle/$1
in SYSTEMPATH\Helpers\url_helper.php on line 484.
 1 SYSTEMPATH\Helpers\url_helper.php(484): CodeIgniter\Router\Exceptions\RouterException::forControllerNotFound('Productos', 'verDetalle/$1')
 2 APPPATH\Views\productos.php(26): url_to('Productos::verDetalle/$1')
 3 SYSTEMPATH\View\View.php(226): include('C:\\xampp\\htdocs\\PWA\\project_ci\\app\\Views\\productos.php')
 4 SYSTEMPATH\View\View.php(229): CodeIgniter\View\View->CodeIgniter\View\{closure}()
 5 SYSTEMPATH\Common.php(1188): CodeIgniter\View\View->render('productos', [], true)
 6 APPPATH\Controllers\Productos.php(15): view('productos', [...])
 7 SYSTEMPATH\CodeIgniter.php(919): App\Controllers\Productos->index()
 8 SYSTEMPATH\CodeIgniter.php(494): CodeIgniter\CodeIgniter->runController(Object(App\Controllers\Productos))
 9 SYSTEMPATH\CodeIgniter.php(353): CodeIgniter\CodeIgniter->handleRequest(null, Object(Config\Cache), false)
10 FCPATH\index.php(79): CodeIgniter\CodeIgniter->run()
CRITICAL - 2023-09-21 17:39:50 --> Controller or its method is not found: Productos::verDetalle
in SYSTEMPATH\Helpers\url_helper.php on line 484.
 1 SYSTEMPATH\Helpers\url_helper.php(484): CodeIgniter\Router\Exceptions\RouterException::forControllerNotFound('Productos', 'verDetalle')
 2 APPPATH\Views\productos.php(26): url_to('Productos::verDetalle')
 3 SYSTEMPATH\View\View.php(226): include('C:\\xampp\\htdocs\\PWA\\project_ci\\app\\Views\\productos.php')
 4 SYSTEMPATH\View\View.php(229): CodeIgniter\View\View->CodeIgniter\View\{closure}()
 5 SYSTEMPATH\Common.php(1188): CodeIgniter\View\View->render('productos', [], true)
 6 APPPATH\Controllers\Productos.php(15): view('productos', [...])
 7 SYSTEMPATH\CodeIgniter.php(919): App\Controllers\Productos->index()
 8 SYSTEMPATH\CodeIgniter.php(494): CodeIgniter\CodeIgniter->runController(Object(App\Controllers\Productos))
 9 SYSTEMPATH\CodeIgniter.php(353): CodeIgniter\CodeIgniter->handleRequest(null, Object(Config\Cache), false)
10 FCPATH\index.php(79): CodeIgniter\CodeIgniter->run()
CRITICAL - 2023-09-21 17:40:45 --> Controller or its method is not found: Productos::verDetalle
in SYSTEMPATH\Helpers\url_helper.php on line 484.
 1 SYSTEMPATH\Helpers\url_helper.php(484): CodeIgniter\Router\Exceptions\RouterException::forControllerNotFound('Productos', 'verDetalle')
 2 APPPATH\Views\productos.php(26): url_to('Productos::verDetalle')
 3 SYSTEMPATH\View\View.php(226): include('C:\\xampp\\htdocs\\PWA\\project_ci\\app\\Views\\productos.php')
 4 SYSTEMPATH\View\View.php(229): CodeIgniter\View\View->CodeIgniter\View\{closure}()
 5 SYSTEMPATH\Common.php(1188): CodeIgniter\View\View->render('productos', [], true)
 6 APPPATH\Controllers\Productos.php(15): view('productos', [...])
 7 SYSTEMPATH\CodeIgniter.php(919): App\Controllers\Productos->index()
 8 SYSTEMPATH\CodeIgniter.php(494): CodeIgniter\CodeIgniter->runController(Object(App\Controllers\Productos))
 9 SYSTEMPATH\CodeIgniter.php(353): CodeIgniter\CodeIgniter->handleRequest(null, Object(Config\Cache), false)
10 FCPATH\index.php(79): CodeIgniter\CodeIgniter->run()
CRITICAL - 2023-09-21 17:53:49 --> Controller or its method is not found: Productos::verDetalle/$1
in SYSTEMPATH\Helpers\url_helper.php on line 484.
 1 SYSTEMPATH\Helpers\url_helper.php(484): CodeIgniter\Router\Exceptions\RouterException::forControllerNotFound('Productos', 'verDetalle/$1')
 2 APPPATH\Views\productos.php(26): url_to('Productos::verDetalle/$1')
 3 SYSTEMPATH\View\View.php(226): include('C:\\xampp\\htdocs\\PWA\\project_ci\\app\\Views\\productos.php')
 4 SYSTEMPATH\View\View.php(229): CodeIgniter\View\View->CodeIgniter\View\{closure}()
 5 SYSTEMPATH\Common.php(1188): CodeIgniter\View\View->render('productos', [], true)
 6 APPPATH\Controllers\Productos.php(15): view('productos', [...])
 7 SYSTEMPATH\CodeIgniter.php(919): App\Controllers\Productos->index()
 8 SYSTEMPATH\CodeIgniter.php(494): CodeIgniter\CodeIgniter->runController(Object(App\Controllers\Productos))
 9 SYSTEMPATH\CodeIgniter.php(353): CodeIgniter\CodeIgniter->handleRequest(null, Object(Config\Cache), false)
10 FCPATH\index.php(79): CodeIgniter\CodeIgniter->run()
CRITICAL - 2023-09-21 17:54:09 --> Controller or its method is not found: Productos::show/$1
in SYSTEMPATH\Helpers\url_helper.php on line 484.
 1 SYSTEMPATH\Helpers\url_helper.php(484): CodeIgniter\Router\Exceptions\RouterException::forControllerNotFound('Productos', 'show/$1')
 2 APPPATH\Views\productos.php(26): url_to('Productos::show/$1')
 3 SYSTEMPATH\View\View.php(226): include('C:\\xampp\\htdocs\\PWA\\project_ci\\app\\Views\\productos.php')
 4 SYSTEMPATH\View\View.php(229): CodeIgniter\View\View->CodeIgniter\View\{closure}()
 5 SYSTEMPATH\Common.php(1188): CodeIgniter\View\View->render('productos', [], true)
 6 APPPATH\Controllers\Productos.php(15): view('productos', [...])
 7 SYSTEMPATH\CodeIgniter.php(919): App\Controllers\Productos->index()
 8 SYSTEMPATH\CodeIgniter.php(494): CodeIgniter\CodeIgniter->runController(Object(App\Controllers\Productos))
 9 SYSTEMPATH\CodeIgniter.php(353): CodeIgniter\CodeIgniter->handleRequest(null, Object(Config\Cache), false)
10 FCPATH\index.php(79): CodeIgniter\CodeIgniter->run()
CRITICAL - 2023-09-21 17:54:13 --> Controller or its method is not found: Productos::show/$1
in SYSTEMPATH\Helpers\url_helper.php on line 484.
 1 SYSTEMPATH\Helpers\url_helper.php(484): CodeIgniter\Router\Exceptions\RouterException::forControllerNotFound('Productos', 'show/$1')
 2 APPPATH\Views\productos.php(26): url_to('Productos::show/$1')
 3 SYSTEMPATH\View\View.php(226): include('C:\\xampp\\htdocs\\PWA\\project_ci\\app\\Views\\productos.php')
 4 SYSTEMPATH\View\View.php(229): CodeIgniter\View\View->CodeIgniter\View\{closure}()
 5 SYSTEMPATH\Common.php(1188): CodeIgniter\View\View->render('productos', [], true)
 6 APPPATH\Controllers\Productos.php(15): view('productos', [...])
 7 SYSTEMPATH\CodeIgniter.php(919): App\Controllers\Productos->index()
 8 SYSTEMPATH\CodeIgniter.php(494): CodeIgniter\CodeIgniter->runController(Object(App\Controllers\Productos))
 9 SYSTEMPATH\CodeIgniter.php(353): CodeIgniter\CodeIgniter->handleRequest(null, Object(Config\Cache), false)
10 FCPATH\index.php(79): CodeIgniter\CodeIgniter->run()
CRITICAL - 2023-09-21 17:56:22 --> Object of class stdClass could not be converted to string
in APPPATH\Views\productos.php on line 26.
 1 SYSTEMPATH\View\View.php(226): include()
 2 SYSTEMPATH\View\View.php(229): CodeIgniter\View\View->CodeIgniter\View\{closure}()
 3 SYSTEMPATH\Common.php(1188): CodeIgniter\View\View->render('productos', [], true)
 4 APPPATH\Controllers\Productos.php(15): view('productos', [...])
 5 SYSTEMPATH\CodeIgniter.php(919): App\Controllers\Productos->index()
 6 SYSTEMPATH\CodeIgniter.php(494): CodeIgniter\CodeIgniter->runController(Object(App\Controllers\Productos))
 7 SYSTEMPATH\CodeIgniter.php(353): CodeIgniter\CodeIgniter->handleRequest(null, Object(Config\Cache), false)
 8 FCPATH\index.php(79): CodeIgniter\CodeIgniter->run()
CRITICAL - 2023-09-21 18:28:31 --> Cannot use object of type stdClass as array
in APPPATH\Views\productos.php on line 23.
 1 SYSTEMPATH\View\View.php(226): include()
 2 SYSTEMPATH\View\View.php(229): CodeIgniter\View\View->CodeIgniter\View\{closure}()
 3 SYSTEMPATH\Common.php(1188): CodeIgniter\View\View->render('productos', [], true)
 4 APPPATH\Controllers\Productos.php(15): view('productos', [...])
 5 SYSTEMPATH\CodeIgniter.php(919): App\Controllers\Productos->index()
 6 SYSTEMPATH\CodeIgniter.php(494): CodeIgniter\CodeIgniter->runController(Object(App\Controllers\Productos))
 7 SYSTEMPATH\CodeIgniter.php(353): CodeIgniter\CodeIgniter->handleRequest(null, Object(Config\Cache), false)
 8 FCPATH\index.php(79): CodeIgniter\CodeIgniter->run()
CRITICAL - 2023-09-21 18:29:13 --> Cannot use object of type stdClass as array
in APPPATH\Views\productos.php on line 23.
 1 SYSTEMPATH\View\View.php(226): include()
 2 SYSTEMPATH\View\View.php(229): CodeIgniter\View\View->CodeIgniter\View\{closure}()
 3 SYSTEMPATH\Common.php(1188): CodeIgniter\View\View->render('productos', [], true)
 4 APPPATH\Controllers\Productos.php(15): view('productos', [...])
 5 SYSTEMPATH\CodeIgniter.php(919): App\Controllers\Productos->index()
 6 SYSTEMPATH\CodeIgniter.php(494): CodeIgniter\CodeIgniter->runController(Object(App\Controllers\Productos))
 7 SYSTEMPATH\CodeIgniter.php(353): CodeIgniter\CodeIgniter->handleRequest(null, Object(Config\Cache), false)
 8 FCPATH\index.php(79): CodeIgniter\CodeIgniter->run()
CRITICAL - 2023-09-21 18:29:46 --> Cannot use object of type stdClass as array
in APPPATH\Views\productos.php on line 23.
 1 SYSTEMPATH\View\View.php(226): include()
 2 SYSTEMPATH\View\View.php(229): CodeIgniter\View\View->CodeIgniter\View\{closure}()
 3 SYSTEMPATH\Common.php(1188): CodeIgniter\View\View->render('productos', [], true)
 4 APPPATH\Controllers\Productos.php(15): view('productos', [...])
 5 SYSTEMPATH\CodeIgniter.php(919): App\Controllers\Productos->index()
 6 SYSTEMPATH\CodeIgniter.php(494): CodeIgniter\CodeIgniter->runController(Object(App\Controllers\Productos))
 7 SYSTEMPATH\CodeIgniter.php(353): CodeIgniter\CodeIgniter->handleRequest(null, Object(Config\Cache), false)
 8 FCPATH\index.php(79): CodeIgniter\CodeIgniter->run()
CRITICAL - 2023-09-21 18:31:54 --> Undefined array key "nombre"
in APPPATH\Views\productos.php on line 23.
 1 APPPATH\Views\productos.php(23): CodeIgniter\Debug\Exceptions->errorHandler(2, 'Undefined array key "nombre"', 'C:\\xampp\\htdocs\\PWA\\project_ci\\app\\Views\\productos.php', 23)
 2 SYSTEMPATH\View\View.php(226): include('C:\\xampp\\htdocs\\PWA\\project_ci\\app\\Views\\productos.php')
 3 SYSTEMPATH\View\View.php(229): CodeIgniter\View\View->CodeIgniter\View\{closure}()
 4 SYSTEMPATH\Common.php(1188): CodeIgniter\View\View->render('productos', [], true)
 5 APPPATH\Controllers\Productos.php(21): view('productos', [...])
 6 SYSTEMPATH\CodeIgniter.php(919): App\Controllers\Productos->index()
 7 SYSTEMPATH\CodeIgniter.php(494): CodeIgniter\CodeIgniter->runController(Object(App\Controllers\Productos))
 8 SYSTEMPATH\CodeIgniter.php(353): CodeIgniter\CodeIgniter->handleRequest(null, Object(Config\Cache), false)
 9 FCPATH\index.php(79): CodeIgniter\CodeIgniter->run()
CRITICAL - 2023-09-21 18:32:30 --> Undefined array key "tipo_de_producto"
in APPPATH\Views\productos.php on line 24.
 1 APPPATH\Views\productos.php(24): CodeIgniter\Debug\Exceptions->errorHandler(2, 'Undefined array key "tipo_de_producto"', 'C:\\xampp\\htdocs\\PWA\\project_ci\\app\\Views\\productos.php', 24)
 2 SYSTEMPATH\View\View.php(226): include('C:\\xampp\\htdocs\\PWA\\project_ci\\app\\Views\\productos.php')
 3 SYSTEMPATH\View\View.php(229): CodeIgniter\View\View->CodeIgniter\View\{closure}()
 4 SYSTEMPATH\Common.php(1188): CodeIgniter\View\View->render('productos', [], true)
 5 APPPATH\Controllers\Productos.php(21): view('productos', [...])
 6 SYSTEMPATH\CodeIgniter.php(919): App\Controllers\Productos->index()
 7 SYSTEMPATH\CodeIgniter.php(494): CodeIgniter\CodeIgniter->runController(Object(App\Controllers\Productos))
 8 SYSTEMPATH\CodeIgniter.php(353): CodeIgniter\CodeIgniter->handleRequest(null, Object(Config\Cache), false)
 9 FCPATH\index.php(79): CodeIgniter\CodeIgniter->run()
CRITICAL - 2023-09-21 18:32:44 --> Array to string conversion
in APPPATH\Views\productos.php on line 26.
 1 APPPATH\Views\productos.php(26): CodeIgniter\Debug\Exceptions->errorHandler(2, 'Array to string conversion', 'C:\\xampp\\htdocs\\PWA\\project_ci\\app\\Views\\productos.php', 26)
 2 SYSTEMPATH\View\View.php(226): include('C:\\xampp\\htdocs\\PWA\\project_ci\\app\\Views\\productos.php')
 3 SYSTEMPATH\View\View.php(229): CodeIgniter\View\View->CodeIgniter\View\{closure}()
 4 SYSTEMPATH\Common.php(1188): CodeIgniter\View\View->render('productos', [], true)
 5 APPPATH\Controllers\Productos.php(21): view('productos', [...])
 6 SYSTEMPATH\CodeIgniter.php(919): App\Controllers\Productos->index()
 7 SYSTEMPATH\CodeIgniter.php(494): CodeIgniter\CodeIgniter->runController(Object(App\Controllers\Productos))
 8 SYSTEMPATH\CodeIgniter.php(353): CodeIgniter\CodeIgniter->handleRequest(null, Object(Config\Cache), false)
 9 FCPATH\index.php(79): CodeIgniter\CodeIgniter->run()
ERROR - 2023-09-21 20:52:15 --> Error connecting to the database: ErrorException: mysqli::real_connect(): php_network_getaddresses: getaddrinfo for .000webhostapp failed: Host desconocido.  in C:\xampp\htdocs\PWA\project_ci\system\Database\MySQLi\Connection.php:184
Stack trace:
#0 [internal function]: CodeIgniter\Debug\Exceptions->errorHandler(2, 'mysqli::real_co...', 'C:\\xampp\\htdocs...', 184)
#1 C:\xampp\htdocs\PWA\project_ci\system\Database\MySQLi\Connection.php(184): mysqli->real_connect('.000webhostapp', 'id20648103_asii...', Object(SensitiveParameterValue), 'id20648103_pwa', 3306, '', 0)
#2 C:\xampp\htdocs\PWA\project_ci\system\Database\BaseConnection.php(391): CodeIgniter\Database\MySQLi\Connection->connect(false)
#3 C:\xampp\htdocs\PWA\project_ci\system\Database\BaseConnection.php(574): CodeIgniter\Database\BaseConnection->initialize()
#4 C:\xampp\htdocs\PWA\project_ci\system\Database\BaseBuilder.php(1615): CodeIgniter\Database\BaseConnection->query('SELECT *\nFROM `...', Array, false)
#5 C:\xampp\htdocs\PWA\project_ci\system\Model.php(237): CodeIgniter\Database\BaseBuilder->get()
#6 C:\xampp\htdocs\PWA\project_ci\system\BaseModel.php(624): CodeIgniter\Model->doFindAll(0, 0)
#7 C:\xampp\htdocs\PWA\project_ci\app\Controllers\Productos.php(19): CodeIgniter\BaseModel->findAll()
#8 C:\xampp\htdocs\PWA\project_ci\system\CodeIgniter.php(919): App\Controllers\Productos->index()
#9 C:\xampp\htdocs\PWA\project_ci\system\CodeIgniter.php(494): CodeIgniter\CodeIgniter->runController(Object(App\Controllers\Productos))
#10 C:\xampp\htdocs\PWA\project_ci\system\CodeIgniter.php(353): CodeIgniter\CodeIgniter->handleRequest(NULL, Object(Config\Cache), false)
#11 C:\xampp\htdocs\PWA\project_ci\public\index.php(79): CodeIgniter\CodeIgniter->run()
#12 {main}

Next mysqli_sql_exception: php_network_getaddresses: getaddrinfo for .000webhostapp failed: Host desconocido.  in C:\xampp\htdocs\PWA\project_ci\system\Database\MySQLi\Connection.php:184
Stack trace:
#0 C:\xampp\htdocs\PWA\project_ci\system\Database\MySQLi\Connection.php(184): mysqli->real_connect('.000webhostapp', 'id20648103_asii...', Object(SensitiveParameterValue), 'id20648103_pwa', 3306, '', 0)
#1 C:\xampp\htdocs\PWA\project_ci\system\Database\BaseConnection.php(391): CodeIgniter\Database\MySQLi\Connection->connect(false)
#2 C:\xampp\htdocs\PWA\project_ci\system\Database\BaseConnection.php(574): CodeIgniter\Database\BaseConnection->initialize()
#3 C:\xampp\htdocs\PWA\project_ci\system\Database\BaseBuilder.php(1615): CodeIgniter\Database\BaseConnection->query('SELECT *\nFROM `...', Array, false)
#4 C:\xampp\htdocs\PWA\project_ci\system\Model.php(237): CodeIgniter\Database\BaseBuilder->get()
#5 C:\xampp\htdocs\PWA\project_ci\system\BaseModel.php(624): CodeIgniter\Model->doFindAll(0, 0)
#6 C:\xampp\htdocs\PWA\project_ci\app\Controllers\Productos.php(19): CodeIgniter\BaseModel->findAll()
#7 C:\xampp\htdocs\PWA\project_ci\system\CodeIgniter.php(919): App\Controllers\Productos->index()
#8 C:\xampp\htdocs\PWA\project_ci\system\CodeIgniter.php(494): CodeIgniter\CodeIgniter->runController(Object(App\Controllers\Productos))
#9 C:\xampp\htdocs\PWA\project_ci\system\CodeIgniter.php(353): CodeIgniter\CodeIgniter->handleRequest(NULL, Object(Config\Cache), false)
#10 C:\xampp\htdocs\PWA\project_ci\public\index.php(79): CodeIgniter\CodeIgniter->run()
#11 {main}

Next CodeIgniter\Database\Exceptions\DatabaseException: php_network_getaddresses: getaddrinfo for .000webhostapp failed: Host desconocido.  in C:\xampp\htdocs\PWA\project_ci\system\Database\MySQLi\Connection.php:229
Stack trace:
#0 C:\xampp\htdocs\PWA\project_ci\system\Database\BaseConnection.php(391): CodeIgniter\Database\MySQLi\Connection->connect(false)
#1 C:\xampp\htdocs\PWA\project_ci\system\Database\BaseConnection.php(574): CodeIgniter\Database\BaseConnection->initialize()
#2 C:\xampp\htdocs\PWA\project_ci\system\Database\BaseBuilder.php(1615): CodeIgniter\Database\BaseConnection->query('SELECT *\nFROM `...', Array, false)
#3 C:\xampp\htdocs\PWA\project_ci\system\Model.php(237): CodeIgniter\Database\BaseBuilder->get()
#4 C:\xampp\htdocs\PWA\project_ci\system\BaseModel.php(624): CodeIgniter\Model->doFindAll(0, 0)
#5 C:\xampp\htdocs\PWA\project_ci\app\Controllers\Productos.php(19): CodeIgniter\BaseModel->findAll()
#6 C:\xampp\htdocs\PWA\project_ci\system\CodeIgniter.php(919): App\Controllers\Productos->index()
#7 C:\xampp\htdocs\PWA\project_ci\system\CodeIgniter.php(494): CodeIgniter\CodeIgniter->runController(Object(App\Controllers\Productos))
#8 C:\xampp\htdocs\PWA\project_ci\system\CodeIgniter.php(353): CodeIgniter\CodeIgniter->handleRequest(NULL, Object(Config\Cache), false)
#9 C:\xampp\htdocs\PWA\project_ci\public\index.php(79): CodeIgniter\CodeIgniter->run()
#10 {main}
CRITICAL - 2023-09-21 20:52:15 --> Unable to connect to the database.
Main connection [MySQLi]: php_network_getaddresses: getaddrinfo for .000webhostapp failed: Host desconocido. 
in SYSTEMPATH\Database\BaseConnection.php on line 427.
 1 SYSTEMPATH\Database\BaseConnection.php(574): CodeIgniter\Database\BaseConnection->initialize()
 2 SYSTEMPATH\Database\BaseBuilder.php(1615): CodeIgniter\Database\BaseConnection->query('SELECT *
FROM `productos`', [], false)
 3 SYSTEMPATH\Model.php(237): CodeIgniter\Database\BaseBuilder->get()
 4 SYSTEMPATH\BaseModel.php(624): CodeIgniter\Model->doFindAll(0, 0)
 5 APPPATH\Controllers\Productos.php(19): CodeIgniter\BaseModel->findAll()
 6 SYSTEMPATH\CodeIgniter.php(919): App\Controllers\Productos->index()
 7 SYSTEMPATH\CodeIgniter.php(494): CodeIgniter\CodeIgniter->runController(Object(App\Controllers\Productos))
 8 SYSTEMPATH\CodeIgniter.php(353): CodeIgniter\CodeIgniter->handleRequest(null, Object(Config\Cache), false)
 9 FCPATH\index.php(79): CodeIgniter\CodeIgniter->run()
